<?xml version="1.0" encoding="utf-8"?><testsuites name="pytest tests"><testsuite name="pytest" errors="0" failures="0" skipped="0" tests="83" time="113.869" timestamp="2026-09-16T23:33:43.594245-04:00" hostname="frank"><testcase classname="tests.s2.test_lowtail_qe" name="test_constants_are_those_of_the_accepting_parser" time="0.001" /><testcase classname="tests.s2.test_lowtail_qe" name="test_failure_vocabulary_equals_followup_qc" time="0.003" /><testcase classname="tests.s2.test_lowtail_qe" name="test_total_forces_read_and_contribution_blocks_ignored" time="0.194" /><testcase classname="tests.s2.test_lowtail_qe" name="test_strict_scf_refusals[&lt;lambda&gt;-ordered rows0]" time="0.002" /><testcase classname="tests.s2.test_lowtail_qe" name="test_strict_scf_refusals[&lt;lambda&gt;-ordered rows1]" time="0.001" /><testcase classname="tests.s2.test_lowtail_qe" name="test_strict_scf_refusals[&lt;lambda&gt;-failure markers0]" time="0.001" /><testcase classname="tests.s2.test_lowtail_qe" name="test_strict_scf_refusals[&lt;lambda&gt;-failure markers1]" time="0.001" /><testcase classname="tests.s2.test_lowtail_qe" name="test_strict_scf_refusals[&lt;lambda&gt;-JOB DONE]" time="0.001" /><testcase classname="tests.s2.test_lowtail_qe" name="test_two_energies_refused_for_a_single_point" time="0.001" /><testcase classname="tests.s2.test_lowtail_qe" name="test_input_parse_spin_labels_and_flags" time="0.005" /><testcase classname="tests.s2.test_lowtail_qe" name="test_clock_tokens[31m33.31s-1893.31-0.01]" time="0.001" /><testcase classname="tests.s2.test_lowtail_qe" name="test_clock_tokens[7h47m-28020.0-60.0]" time="0.001" /><testcase classname="tests.s2.test_lowtail_qe" name="test_clock_tokens[1d10h27m-124020.0-60.0]" time="0.001" /><testcase classname="tests.s2.test_lowtail_qe" name="test_clock_tokens[55.14s-55.14-0.01]" time="0.001" /><testcase classname="tests.s2.test_lowtail_qe" name="test_relax_descriptors_and_final_coordinates" time="0.001" /><testcase classname="tests.s2.test_lowtail_qe" name="test_real_winner_O_forces_equal_the_stored_audit" time="0.054" /><testcase classname="tests.s2.test_lowtail_geometry" name="test_orthogonal_cell_required_and_minimum_image" time="0.001" /><testcase classname="tests.s2.test_lowtail_geometry" name="test_pair_force_signs" time="0.000" /><testcase classname="tests.s2.test_lowtail_geometry" name="test_axial_forces_sign" time="0.000" /><testcase classname="tests.s2.test_lowtail_geometry" name="test_axial_decomposition_separates_bond_compression_from_the_axial_contact" time="0.021" /><testcase classname="tests.s2.test_lowtail_geometry" name="test_axial_oxygen_is_the_one_below" time="0.000" /><testcase classname="tests.s2.test_lowtail_geometry" name="test_basin_labels[0.8-2.6-1.59-True-RECONSTRUCTED]" time="0.001" /><testcase classname="tests.s2.test_lowtail_geometry" name="test_basin_labels[0.1-1.8-1.63-True-UNRECONSTRUCTED]" time="0.000" /><testcase classname="tests.s2.test_lowtail_geometry" name="test_basin_labels[0.8-1.9-1.6-True-MIXED_UNASSIGNED]" time="0.000" /><testcase classname="tests.s2.test_lowtail_geometry" name="test_basin_labels[0.2-2.4-1.6-True-MIXED_UNASSIGNED]" time="0.000" /><testcase classname="tests.s2.test_lowtail_geometry" name="test_basin_labels[0.8-2.6-3.2-True-O_OFF_SITE]" time="0.000" /><testcase classname="tests.s2.test_lowtail_geometry" name="test_basin_labels[0.8-2.6-1.6-False-O_OFF_SITE]" time="0.000" /><testcase classname="tests.s2.test_lowtail_geometry" name="test_basin_labels[0.5-2.1758-1.6-True-RECONSTRUCTED]" time="0.000" /><testcase classname="tests.s2.test_lowtail_geometry" name="test_force_agreement_excludes_fixed_components" time="0.000" /><testcase classname="tests.s2.test_lowtail_sources" name="test_every_banked_output_is_classified_once_with_its_readout_status" time="1.326" /><testcase classname="tests.s2.test_lowtail_sources" name="test_census_site_refuses_ambiguous_records" time="0.053" /><testcase classname="tests.s2.test_lowtail_sources" name="test_operating_decisions_file_reproduces_from_sources" time="0.077" /><testcase classname="tests.s2.test_lowtail_sources" name="test_axial_oxygen_agrees_with_the_endpoint_audit" time="0.061" /><testcase classname="tests.s2.test_lowtail_cost" name="test_nearest_rank_and_nbnd_rule" time="0.000" /><testcase classname="tests.s2.test_lowtail_cost" name="test_cost_model_inputs_parse_the_valence_table_only" time="0.001" /><testcase classname="tests.s2.test_lowtail_cost" name="test_measured_anchor_rows_follow_the_banked_nbnd_rule" time="3.745" /><testcase classname="tests.s2.test_lowtail_cost" name="test_deck_cost_formula" time="0.001" /><testcase classname="tests.s2.test_lowtail_cost" name="test_relax_survey_and_band" time="0.237" /><testcase classname="tests.s2.test_lowtail_decks" name="test_three_sites_two_projectors_three_states" time="89.825" /><testcase classname="tests.s2.test_lowtail_decks" name="test_written_files_equal_a_fresh_render" time="0.005" /><testcase classname="tests.s2.test_lowtail_decks" name="test_relax_conversion_changes_one_line_only" time="0.004" /><testcase classname="tests.s2.test_lowtail_decks" name="test_unreconstructed_start_is_clean_slab_plus_on_top_O" time="0.065" /><testcase classname="tests.s2.test_lowtail_decks" name="test_census_geometry_round_trips_in_decks" time="0.060" /><testcase classname="tests.s2.test_lowtail_decks" name="test_fe25_decks_equal_the_approved_pilot_geometry_except_prefix_and_calculation" time="0.003" /><testcase classname="tests.s2.test_lowtail_decks" name="test_manifests_carry_the_prepared_header_and_pass_the_submitter_greps" time="0.002" /><testcase classname="tests.s2.test_lowtail_decks" name="test_kill_rule_carried_to_every_deck_and_manifest" time="0.001" /><testcase classname="tests.s2.test_lowtail_decks" name="test_lift_definition_is_recorded" time="0.001" /><testcase classname="tests.s2.test_lowtail_decks" name="test_survey_manifest_written_equals_fresh_survey" time="0.313" /><testcase classname="tests.s2.test_lowtail_decks" name="test_costs_are_positive_and_ceiling_not_below_planning" time="0.001" /><testcase classname="tests.s2.test_lowtail_zero_compute" name="test_referencing_and_desorption_constants_come_from_their_sources" time="1.067" /><testcase classname="tests.s2.test_lowtail_zero_compute" name="test_match_geometry_exact_tolerance_and_constraint_mismatch" time="0.001" /><testcase classname="tests.s2.test_lowtail_zero_compute" name="test_population_on_the_face" time="6.551" /><testcase classname="tests.s2.test_lowtail_zero_compute" name="test_winner_O_site_forces_are_the_raw_dft_components" time="0.003" /><testcase classname="tests.s2.test_lowtail_zero_compute" name="test_energy_comparisons_reproduce_banked_readouts" time="0.002" /><testcase classname="tests.s2.test_lowtail_zero_compute" name="test_pending_endpoint_single_points_are_census_O_endpoints" time="0.001" /><testcase classname="tests.s2.test_lowtail_zero_compute" name="test_banked_readout_mace_reproduces_census_and_hashes_are_current" time="0.037" /><testcase classname="tests.s2.test_lowtail_readout" name="test_both_starts_reconstructed" time="0.081" /><testcase classname="tests.s2.test_lowtail_readout" name="test_both_starts_unreconstructed" time="0.065" /><testcase classname="tests.s2.test_lowtail_readout" name="test_two_local_basins_energy_order[-500.1--500.0-LIFTED_LOWER]" time="0.068" /><testcase classname="tests.s2.test_lowtail_readout" name="test_two_local_basins_energy_order[-500.0--500.1-UNLIFTED_LOWER]" time="0.064" /><testcase classname="tests.s2.test_lowtail_readout" name="test_two_local_basins_energy_order[-500.0--500.02-ORDER_WITHIN_SPIN_START_SPREAD]" time="0.066" /><testcase classname="tests.s2.test_lowtail_readout" name="test_crossed_and_magnetization_flag" time="0.065" /><testcase classname="tests.s2.test_lowtail_readout" name="test_mixed_and_off_site_are_undecided" time="0.077" /><testcase classname="tests.s2.test_lowtail_readout" name="test_slab_not_accepted_uses_flagged_mace_reference" time="0.058" /><testcase classname="tests.s2.test_lowtail_readout" name="test_leg_acceptance[None-PENDING]" time="0.042" /><testcase classname="tests.s2.test_lowtail_readout" name="test_leg_acceptance[     number of atoms/cell      =            5\n     total magnetization       =      3.00 Bohr mag/cell\n     absolute magnetization    =     5.00 Bohr mag/cell\n     iteration #   1     ecut=    80.00 Ry     beta= 0.30\n     iteration #   2     ecut=    80.00 Ry     beta= 0.30\n     iteration #   3     ecut=    80.00 Ry     beta= 0.30\n     iteration #   4     ecut=    80.00 Ry     beta= 0.30\n     iteration #   5     ecut=    80.00 Ry     beta= 0.30\n     iteration #   6     ecut=    80.00 Ry     beta= 0.30\n     iteration #   7     ecut=    80.00 Ry     beta= 0.30\n     iteration #   8     ecut=    80.00 Ry     beta= 0.30\n     iteration #   9     ecut=    80.00 Ry     beta= 0.30\n     iteration #  10     ecut=    80.00 Ry     beta= 0.30\n     iteration #  11     ecut=    80.00 Ry     beta= 0.30\n     iteration #  12     ecut=    80.00 Ry     beta= 0.30\n     iteration #  13     ecut=    80.00 Ry     beta= 0.30\n     iteration #  14     ecut=    80.00 Ry     beta= 0.30\n     iteration #  15     ecut=    80.00 Ry     beta= 0.30\n     iteration #  16     ecut=    80.00 Ry     beta= 0.30\n     iteration #  17     ecut=    80.00 Ry     beta= 0.30\n     iteration #  18     ecut=    80.00 Ry     beta= 0.30\n     iteration #  19     ecut=    80.00 Ry     beta= 0.30\n     iteration #  20     ecut=    80.00 Ry     beta= 0.30\n     iteration #  21     ecut=    80.00 Ry     beta= 0.30\n     iteration #  22     ecut=    80.00 Ry     beta= 0.30\n     iteration #  23     ecut=    80.00 Ry     beta= 0.30\n     iteration #  24     ecut=    80.00 Ry     beta= 0.30\n     iteration #  25     ecut=    80.00 Ry     beta= 0.30\n     iteration #  26     ecut=    80.00 Ry     beta= 0.30\n     iteration #  27     ecut=    80.00 Ry     beta= 0.30\n     iteration #  28     ecut=    80.00 Ry     beta= 0.30\n     iteration #  29     ecut=    80.00 Ry     beta= 0.30\n     iteration #  30     ecut=    80.00 Ry     beta= 0.30\n!    total energy              =  -500.10000000 Ry\n     convergence has been achieved in  30 iterations\n     Forces acting on atoms (cartesian axes, Ry/au):\n\n     atom    1 type  1   force =     0.00000000    0.00000000     0.05000000\n     atom    2 type  1   force =     0.00000000    0.00000000     0.05000000\n     atom    3 type  1   force =     0.00000000    0.00000000     0.05000000\n     atom    4 type  1   force =     0.00000000    0.00000000     0.05000000\n     atom    5 type  1   force =     0.00000000    0.00000000     0.05000000\n\n     Total force =     0.1\n     iteration #   1     ecut=    80.00 Ry     beta= 0.30\n     iteration #   2     ecut=    80.00 Ry     beta= 0.30\n     iteration #   3     ecut=    80.00 Ry     beta= 0.30\n     iteration #   4     ecut=    80.00 Ry     beta= 0.30\n     iteration #   5     ecut=    80.00 Ry     beta= 0.30\n     iteration #   6     ecut=    80.00 Ry     beta= 0.30\n     iteration #   7     ecut=    80.00 Ry     beta= 0.30\n     iteration #   8     ecut=    80.00 Ry     beta= 0.30\n     iteration #   9     ecut=    80.00 Ry     beta= 0.30\n     iteration #  10     ecut=    80.00 Ry     beta= 0.30\n     iteration #  11     ecut=    80.00 Ry     beta= 0.30\n     iteration #  12     ecut=    80.00 Ry     beta= 0.30\n!    total energy              =  -500.00000000 Ry\n     convergence has been achieved in  12 iterations\n     Forces acting on atoms (cartesian axes, Ry/au):\n\n     atom    1 type  1   force =     0.00000000    0.00000000     0.00050000\n     atom    2 type  1   force =     0.00000000    0.00000000     0.00050000\n     atom    3 type  1   force =     0.00000000    0.00000000     0.00050000\n     atom    4 type  1   force =     0.00000000    0.00000000     0.00050000\n     atom    5 type  1   force =     0.00000000    0.00000000     0.00050000\n\n     Total force =     0.001\n     bfgs converged in   2 scf cycles and   1 bfgs steps\n     End of BFGS Geometry Optimization\n     Final energy             =  -500.0000000000 Ry\nBegin final coordinates\n\nATOMIC_POSITIONS (angstrom)\nMn  2.0000000000  2.0000000000  5.0000000000    0   0   0\nO  5.0000000000  5.0000000000  6.2000000000\nCr  5.0000000000  5.0000000000  8.8000000000\nO  7.0000000000  5.0000000000  8.0000000000\nO  5.0000000000  5.0000000000  10.3900000000\nEnd final coordinates\n     PWSCF        :     10.00s CPU     11.00s WALL\n\nNote: The following floating-point exceptions are signalling: IEEE_UNDERFLOW_FLAG IEEE_DENORMAL\nNote: The following floating-point exceptions are signalling: IEEE_UNDERFLOW_FLAG IEEE_DENORMAL\nNote: The following floating-point exceptions are signalling: IEEE_UNDERFLOW_FLAG IEEE_DENORMAL\n-PENDING]" time="0.062" /><testcase classname="tests.s2.test_lowtail_readout" name="test_leg_acceptance[     number of atoms/cell      =            5\n     total magnetization       =      3.00 Bohr mag/cell\n     absolute magnetization    =     5.00 Bohr mag/cell\n     iteration #   1     ecut=    80.00 Ry     beta= 0.30\n     iteration #   2     ecut=    80.00 Ry     beta= 0.30\n     iteration #   3     ecut=    80.00 Ry     beta= 0.30\n     iteration #   4     ecut=    80.00 Ry     beta= 0.30\n     iteration #   5     ecut=    80.00 Ry     beta= 0.30\n     iteration #   6     ecut=    80.00 Ry     beta= 0.30\n     iteration #   7     ecut=    80.00 Ry     beta= 0.30\n     iteration #   8     ecut=    80.00 Ry     beta= 0.30\n     iteration #   9     ecut=    80.00 Ry     beta= 0.30\n     iteration #  10     ecut=    80.00 Ry     beta= 0.30\n     iteration #  11     ecut=    80.00 Ry     beta= 0.30\n     iteration #  12     ecut=    80.00 Ry     beta= 0.30\n     iteration #  13     ecut=    80.00 Ry     beta= 0.30\n     iteration #  14     ecut=    80.00 Ry     beta= 0.30\n     iteration #  15     ecut=    80.00 Ry     beta= 0.30\n     iteration #  16     ecut=    80.00 Ry     beta= 0.30\n     iteration #  17     ecut=    80.00 Ry     beta= 0.30\n     iteration #  18     ecut=    80.00 Ry     beta= 0.30\n     iteration #  19     ecut=    80.00 Ry     beta= 0.30\n     iteration #  20     ecut=    80.00 Ry     beta= 0.30\n     iteration #  21     ecut=    80.00 Ry     beta= 0.30\n     iteration #  22     ecut=    80.00 Ry     beta= 0.30\n     iteration #  23     ecut=    80.00 Ry     beta= 0.30\n     iteration #  24     ecut=    80.00 Ry     beta= 0.30\n     iteration #  25     ecut=    80.00 Ry     beta= 0.30\n     iteration #  26     ecut=    80.00 Ry     beta= 0.30\n     iteration #  27     ecut=    80.00 Ry     beta= 0.30\n     iteration #  28     ecut=    80.00 Ry     beta= 0.30\n     iteration #  29     ecut=    80.00 Ry     beta= 0.30\n     iteration #  30     ecut=    80.00 Ry     beta= 0.30\n!    total energy              =  -500.10000000 Ry\n     convergence has been achieved in  30 iterations\n     Forces acting on atoms (cartesian axes, Ry/au):\n\n     atom    1 type  1   force =     0.00000000    0.00000000     0.05000000\n     atom    2 type  1   force =     0.00000000    0.00000000     0.05000000\n     atom    3 type  1   force =     0.00000000    0.00000000     0.05000000\n     atom    4 type  1   force =     0.00000000    0.00000000     0.05000000\n     atom    5 type  1   force =     0.00000000    0.00000000     0.05000000\n\n     Total force =     0.1\n     iteration #   1     ecut=    80.00 Ry     beta= 0.30\n     iteration #   2     ecut=    80.00 Ry     beta= 0.30\n     iteration #   3     ecut=    80.00 Ry     beta= 0.30\n     iteration #   4     ecut=    80.00 Ry     beta= 0.30\n     iteration #   5     ecut=    80.00 Ry     beta= 0.30\n     iteration #   6     ecut=    80.00 Ry     beta= 0.30\n     iteration #   7     ecut=    80.00 Ry     beta= 0.30\n     iteration #   8     ecut=    80.00 Ry     beta= 0.30\n     iteration #   9     ecut=    80.00 Ry     beta= 0.30\n     iteration #  10     ecut=    80.00 Ry     beta= 0.30\n     iteration #  11     ecut=    80.00 Ry     beta= 0.30\n     iteration #  12     ecut=    80.00 Ry     beta= 0.30\n!    total energy              =  -500.00000000 Ry\n     convergence has been achieved in  12 iterations\n     Forces acting on atoms (cartesian axes, Ry/au):\n\n     atom    1 type  1   force =     0.00000000    0.00000000     0.00050000\n     atom    2 type  1   force =     0.00000000    0.00000000     0.00050000\n     atom    3 type  1   force =     0.00000000    0.00000000     0.00050000\n     atom    4 type  1   force =     0.00000000    0.00000000     0.00050000\n     atom    5 type  1   force =     0.00000000    0.00000000     0.00050000\n\n     Total force =     0.001\n     bfgs converged in   2 scf cycles and   1 bfgs steps\n     End of BFGS Geometry Optimization\n     Final energy             =  -500.0000000000 Ry\nBegin final coordinates\n\nATOMIC_POSITIONS (angstrom)\nMn  2.0000000000  2.0000000000  5.0000000000    0   0   0\nO  5.0000000000  5.0000000000  6.2000000000\nCr  5.0000000000  5.0000000000  8.8000000000\nO  7.0000000000  5.0000000000  8.0000000000\nO  5.0000000000  5.0000000000  10.3900000000\nEnd final coordinates\n     PWSCF        :     10.00s CPU     11.00s WALL\n     convergence NOT achieved after 300 iterations: stopping\n   JOB DONE.\nNote: The following floating-point exceptions are signalling: IEEE_UNDERFLOW_FLAG IEEE_DENORMAL\nNote: The following floating-point exceptions are signalling: IEEE_UNDERFLOW_FLAG IEEE_DENORMAL\nNote: The following floating-point exceptions are signalling: IEEE_UNDERFLOW_FLAG IEEE_DENORMAL\n-NOT CONVERGED]" time="0.060" /><testcase classname="tests.s2.test_lowtail_readout" name="test_leg_acceptance[     number of atoms/cell      =            5\n     total magnetization       =      3.00 Bohr mag/cell\n     absolute magnetization    =     5.00 Bohr mag/cell\n     iteration #   1     ecut=    80.00 Ry     beta= 0.30\n     iteration #   2     ecut=    80.00 Ry     beta= 0.30\n     iteration #   3     ecut=    80.00 Ry     beta= 0.30\n     iteration #   4     ecut=    80.00 Ry     beta= 0.30\n     iteration #   5     ecut=    80.00 Ry     beta= 0.30\n     iteration #   6     ecut=    80.00 Ry     beta= 0.30\n     iteration #   7     ecut=    80.00 Ry     beta= 0.30\n     iteration #   8     ecut=    80.00 Ry     beta= 0.30\n     iteration #   9     ecut=    80.00 Ry     beta= 0.30\n     iteration #  10     ecut=    80.00 Ry     beta= 0.30\n     iteration #  11     ecut=    80.00 Ry     beta= 0.30\n     iteration #  12     ecut=    80.00 Ry     beta= 0.30\n     iteration #  13     ecut=    80.00 Ry     beta= 0.30\n     iteration #  14     ecut=    80.00 Ry     beta= 0.30\n     iteration #  15     ecut=    80.00 Ry     beta= 0.30\n     iteration #  16     ecut=    80.00 Ry     beta= 0.30\n     iteration #  17     ecut=    80.00 Ry     beta= 0.30\n     iteration #  18     ecut=    80.00 Ry     beta= 0.30\n     iteration #  19     ecut=    80.00 Ry     beta= 0.30\n     iteration #  20     ecut=    80.00 Ry     beta= 0.30\n     iteration #  21     ecut=    80.00 Ry     beta= 0.30\n     iteration #  22     ecut=    80.00 Ry     beta= 0.30\n     iteration #  23     ecut=    80.00 Ry     beta= 0.30\n     iteration #  24     ecut=    80.00 Ry     beta= 0.30\n     iteration #  25     ecut=    80.00 Ry     beta= 0.30\n     iteration #  26     ecut=    80.00 Ry     beta= 0.30\n     iteration #  27     ecut=    80.00 Ry     beta= 0.30\n     iteration #  28     ecut=    80.00 Ry     beta= 0.30\n     iteration #  29     ecut=    80.00 Ry     beta= 0.30\n     iteration #  30     ecut=    80.00 Ry     beta= 0.30\n!    total energy              =  -500.10000000 Ry\n     convergence has been achieved in  30 iterations\n     Forces acting on atoms (cartesian axes, Ry/au):\n\n     atom    1 type  1   force =     0.00000000    0.00000000     0.05000000\n     atom    2 type  1   force =     0.00000000    0.00000000     0.05000000\n     atom    3 type  1   force =     0.00000000    0.00000000     0.05000000\n     atom    4 type  1   force =     0.00000000    0.00000000     0.05000000\n     atom    5 type  1   force =     0.00000000    0.00000000     0.05000000\n\n     Total force =     0.1\n     iteration #   1     ecut=    80.00 Ry     beta= 0.30\n     iteration #   2     ecut=    80.00 Ry     beta= 0.30\n     iteration #   3     ecut=    80.00 Ry     beta= 0.30\n     iteration #   4     ecut=    80.00 Ry     beta= 0.30\n     iteration #   5     ecut=    80.00 Ry     beta= 0.30\n     iteration #   6     ecut=    80.00 Ry     beta= 0.30\n     iteration #   7     ecut=    80.00 Ry     beta= 0.30\n     iteration #   8     ecut=    80.00 Ry     beta= 0.30\n     iteration #   9     ecut=    80.00 Ry     beta= 0.30\n     iteration #  10     ecut=    80.00 Ry     beta= 0.30\n     iteration #  11     ecut=    80.00 Ry     beta= 0.30\n     iteration #  12     ecut=    80.00 Ry     beta= 0.30\n!    total energy              =  -500.00000000 Ry\n     convergence has been achieved in  12 iterations\n     Forces acting on atoms (cartesian axes, Ry/au):\n\n     atom    1 type  1   force =     0.00000000    0.00000000     0.00050000\n     atom    2 type  1   force =     0.00000000    0.00000000     0.00050000\n     atom    3 type  1   force =     0.00000000    0.00000000     0.00050000\n     atom    4 type  1   force =     0.00000000    0.00000000     0.00050000\n     atom    5 type  1   force =     0.00000000    0.00000000     0.00050000\n\n     Total force =     0.001\n     bfgs converged in   2 scf cycles and   1 bfgs steps\n     End of BFGS Geometry Optimization\n     Final energy             =  -500.0000000000 Ry\nBegin final coordinates\n\nATOMIC_POSITIONS (angstrom)\nMn  2.0000000000  2.0000000000  5.0000000000    0   0   0\nO  5.0000000000  5.0000000000  6.2000000000\nCr  5.0000000000  5.0000000000  8.8000000000\nO  7.0000000000  5.0000000000  8.0000000000\nO  5.0000000000  5.0000000000  10.3900000000\nEnd final coordinates\n     PWSCF        :     10.00s CPU     11.00s WALL\n     The maximum number of steps has been reached.\n   JOB DONE.\nNote: The following floating-point exceptions are signalling: IEEE_UNDERFLOW_FLAG IEEE_DENORMAL\nNote: The following floating-point exceptions are signalling: IEEE_UNDERFLOW_FLAG IEEE_DENORMAL\nNote: The following floating-point exceptions are signalling: IEEE_UNDERFLOW_FLAG IEEE_DENORMAL\n-NOT CONVERGED]" time="0.061" /><testcase classname="tests.s2.test_lowtail_readout" name="test_leg_acceptance[     number of atoms/cell      =            5\n     total magnetization       =      3.00 Bohr mag/cell\n     absolute magnetization    =     5.00 Bohr mag/cell\n     iteration #   1     ecut=    80.00 Ry     beta= 0.30\n     iteration #   2     ecut=    80.00 Ry     beta= 0.30\n     iteration #   3     ecut=    80.00 Ry     beta= 0.30\n     iteration #   4     ecut=    80.00 Ry     beta= 0.30\n     iteration #   5     ecut=    80.00 Ry     beta= 0.30\n     iteration #   6     ecut=    80.00 Ry     beta= 0.30\n     iteration #   7     ecut=    80.00 Ry     beta= 0.30\n     iteration #   8     ecut=    80.00 Ry     beta= 0.30\n     iteration #   9     ecut=    80.00 Ry     beta= 0.30\n     iteration #  10     ecut=    80.00 Ry     beta= 0.30\n     iteration #  11     ecut=    80.00 Ry     beta= 0.30\n     iteration #  12     ecut=    80.00 Ry     beta= 0.30\n     iteration #  13     ecut=    80.00 Ry     beta= 0.30\n     iteration #  14     ecut=    80.00 Ry     beta= 0.30\n     iteration #  15     ecut=    80.00 Ry     beta= 0.30\n     iteration #  16     ecut=    80.00 Ry     beta= 0.30\n     iteration #  17     ecut=    80.00 Ry     beta= 0.30\n     iteration #  18     ecut=    80.00 Ry     beta= 0.30\n     iteration #  19     ecut=    80.00 Ry     beta= 0.30\n     iteration #  20     ecut=    80.00 Ry     beta= 0.30\n     iteration #  21     ecut=    80.00 Ry     beta= 0.30\n     iteration #  22     ecut=    80.00 Ry     beta= 0.30\n     iteration #  23     ecut=    80.00 Ry     beta= 0.30\n     iteration #  24     ecut=    80.00 Ry     beta= 0.30\n     iteration #  25     ecut=    80.00 Ry     beta= 0.30\n     iteration #  26     ecut=    80.00 Ry     beta= 0.30\n     iteration #  27     ecut=    80.00 Ry     beta= 0.30\n     iteration #  28     ecut=    80.00 Ry     beta= 0.30\n     iteration #  29     ecut=    80.00 Ry     beta= 0.30\n     iteration #  30     ecut=    80.00 Ry     beta= 0.30\n!    total energy              =  -500.10000000 Ry\n     convergence has been achieved in  30 iterations\n     Forces acting on atoms (cartesian axes, Ry/au):\n\n     atom    1 type  1   force =     0.00000000    0.00000000     0.05000000\n     atom    2 type  1   force =     0.00000000    0.00000000     0.05000000\n     atom    3 type  1   force =     0.00000000    0.00000000     0.05000000\n     atom    4 type  1   force =     0.00000000    0.00000000     0.05000000\n     atom    5 type  1   force =     0.00000000    0.00000000     0.05000000\n\n     Total force =     0.1\n     iteration #   1     ecut=    80.00 Ry     beta= 0.30\n     iteration #   2     ecut=    80.00 Ry     beta= 0.30\n     iteration #   3     ecut=    80.00 Ry     beta= 0.30\n     iteration #   4     ecut=    80.00 Ry     beta= 0.30\n     iteration #   5     ecut=    80.00 Ry     beta= 0.30\n     iteration #   6     ecut=    80.00 Ry     beta= 0.30\n     iteration #   7     ecut=    80.00 Ry     beta= 0.30\n     iteration #   8     ecut=    80.00 Ry     beta= 0.30\n     iteration #   9     ecut=    80.00 Ry     beta= 0.30\n     iteration #  10     ecut=    80.00 Ry     beta= 0.30\n     iteration #  11     ecut=    80.00 Ry     beta= 0.30\n     iteration #  12     ecut=    80.00 Ry     beta= 0.30\n!    total energy              =  -500.00000000 Ry\n     convergence has been achieved in  12 iterations\n     Forces acting on atoms (cartesian axes, Ry/au):\n\n     atom    1 type  1   force =     0.00000000    0.00000000     0.00050000\n     atom    2 type  1   force =     0.00000000    0.00000000     0.00050000\n     atom    3 type  1   force =     0.00000000    0.00000000     0.00050000\n     atom    4 type  1   force =     0.00000000    0.00000000     0.00050000\n     atom    5 type  1   force =     0.00000000    0.00000000     0.00050000\n\n     Total force =     0.001\n     bfgs converged in   2 scf cycles and   1 bfgs steps\n     End of BFGS Geometry Optimization\n     Final energy             =  -500.0000000000 Ry\nBegin final coordinates\n\nATOMIC_POSITIONS (angstrom)\nMn  2.0000000000  2.0000000000  5.0000000000    0   0   0\nO  5.0000000000  5.0000000000  6.2000000000\nCr  5.0000000000  5.0000000000  8.8000000000\nO  7.0000000000  5.0000000000  8.0000000000\nO  5.0000000000  5.0000000000  10.3900000000\nEnd final coordinates\n     PWSCF        :     10.00s CPU     11.00s WALL\nNote: The following floating-point exceptions are signalling: IEEE_INVALID_FLAG\n   JOB DONE.\nNote: The following floating-point exceptions are signalling: IEEE_UNDERFLOW_FLAG IEEE_DENORMAL\nNote: The following floating-point exceptions are signalling: IEEE_UNDERFLOW_FLAG IEEE_DENORMAL\nNote: The following floating-point exceptions are signalling: IEEE_UNDERFLOW_FLAG IEEE_DENORMAL\n-REJECTED]" time="0.081" /><testcase classname="tests.s2.test_lowtail_readout" name="test_leg_acceptance[     number of atoms/cell      =            5\n     total magnetization       =      3.00 Bohr mag/cell\n     absolute magnetization    =     5.00 Bohr mag/cell\n     iteration #   1     ecut=    80.00 Ry     beta= 0.30\n     iteration #   2     ecut=    80.00 Ry     beta= 0.30\n     iteration #   3     ecut=    80.00 Ry     beta= 0.30\n     iteration #   4     ecut=    80.00 Ry     beta= 0.30\n     iteration #   5     ecut=    80.00 Ry     beta= 0.30\n     iteration #   6     ecut=    80.00 Ry     beta= 0.30\n     iteration #   7     ecut=    80.00 Ry     beta= 0.30\n     iteration #   8     ecut=    80.00 Ry     beta= 0.30\n     iteration #   9     ecut=    80.00 Ry     beta= 0.30\n     iteration #  10     ecut=    80.00 Ry     beta= 0.30\n     iteration #  11     ecut=    80.00 Ry     beta= 0.30\n     iteration #  12     ecut=    80.00 Ry     beta= 0.30\n     iteration #  13     ecut=    80.00 Ry     beta= 0.30\n     iteration #  14     ecut=    80.00 Ry     beta= 0.30\n     iteration #  15     ecut=    80.00 Ry     beta= 0.30\n     iteration #  16     ecut=    80.00 Ry     beta= 0.30\n     iteration #  17     ecut=    80.00 Ry     beta= 0.30\n     iteration #  18     ecut=    80.00 Ry     beta= 0.30\n     iteration #  19     ecut=    80.00 Ry     beta= 0.30\n     iteration #  20     ecut=    80.00 Ry     beta= 0.30\n     iteration #  21     ecut=    80.00 Ry     beta= 0.30\n     iteration #  22     ecut=    80.00 Ry     beta= 0.30\n     iteration #  23     ecut=    80.00 Ry     beta= 0.30\n     iteration #  24     ecut=    80.00 Ry     beta= 0.30\n     iteration #  25     ecut=    80.00 Ry     beta= 0.30\n     iteration #  26     ecut=    80.00 Ry     beta= 0.30\n     iteration #  27     ecut=    80.00 Ry     beta= 0.30\n     iteration #  28     ecut=    80.00 Ry     beta= 0.30\n     iteration #  29     ecut=    80.00 Ry     beta= 0.30\n     iteration #  30     ecut=    80.00 Ry     beta= 0.30\n!    total energy              =  -500.10000000 Ry\n     convergence has been achieved in  30 iterations\n     Forces acting on atoms (cartesian axes, Ry/au):\n\n     atom    1 type  1   force =     0.00000000    0.00000000     0.05000000\n     atom    2 type  1   force =     0.00000000    0.00000000     0.05000000\n     atom    3 type  1   force =     0.00000000    0.00000000     0.05000000\n     atom    4 type  1   force =     0.00000000    0.00000000     0.05000000\n     atom    5 type  1   force =     0.00000000    0.00000000     0.05000000\n\n     Total force =     0.1\n     iteration #   1     ecut=    80.00 Ry     beta= 0.30\n     iteration #   2     ecut=    80.00 Ry     beta= 0.30\n     iteration #   3     ecut=    80.00 Ry     beta= 0.30\n     iteration #   4     ecut=    80.00 Ry     beta= 0.30\n     iteration #   5     ecut=    80.00 Ry     beta= 0.30\n     iteration #   6     ecut=    80.00 Ry     beta= 0.30\n     iteration #   7     ecut=    80.00 Ry     beta= 0.30\n     iteration #   8     ecut=    80.00 Ry     beta= 0.30\n     iteration #   9     ecut=    80.00 Ry     beta= 0.30\n     iteration #  10     ecut=    80.00 Ry     beta= 0.30\n     iteration #  11     ecut=    80.00 Ry     beta= 0.30\n     iteration #  12     ecut=    80.00 Ry     beta= 0.30\n!    total energy              =  -500.00000000 Ry\n     convergence has been achieved in  12 iterations\n     Forces acting on atoms (cartesian axes, Ry/au):\n\n     atom    1 type  1   force =     0.00000000    0.00000000     0.00050000\n     atom    2 type  1   force =     0.00000000    0.00000000     0.00050000\n     atom    3 type  1   force =     0.00000000    0.00000000     0.00050000\n     atom    4 type  1   force =     0.00000000    0.00000000     0.00050000\n     atom    5 type  1   force =     0.00000000    0.00000000     0.00050000\n\n     Total force =     0.001\n     bfgs converged in   2 scf cycles and   1 bfgs steps\n     End of BFGS Geometry Optimization\n     Final energy             =  -500.0000000000 Ry\nBegin final coordinates\n\nATOMIC_POSITIONS (angstrom)\nMn  2.0000000000  2.0000000000  5.0000000000    0   0   0\nO  5.0000000000  5.0000000000  6.2000000000\nCr  5.0000000000  5.0000000000  8.8000000000\nO  7.0000000000  5.0000000000  8.0000000000\nO  5.0000000000  5.0000000000  10.3900000000\nEnd final coordinates\n     PWSCF        :     10.00s CPU     11.00s WALL\n\n   JOB DONE.\nNote: The following floating-point exceptions are signalling: IEEE_INVALID_FLAG IEEE_DENORMAL\nNote: The following floating-point exceptions are signalling: IEEE_INVALID_FLAG IEEE_DENORMAL\nNote: The following floating-point exceptions are signalling: IEEE_INVALID_FLAG IEEE_DENORMAL\n-REJECTED]" time="0.098" /><testcase classname="tests.s2.test_lowtail_readout" name="test_leg_acceptance[     number of atoms/cell      =            5\n     total magnetization       =      3.00 Bohr mag/cell\n     absolute magnetization    =     5.00 Bohr mag/cell\n     iteration #   1     ecut=    80.00 Ry     beta= 0.30\n     iteration #   2     ecut=    80.00 Ry     beta= 0.30\n     iteration #   3     ecut=    80.00 Ry     beta= 0.30\n     iteration #   4     ecut=    80.00 Ry     beta= 0.30\n     iteration #   5     ecut=    80.00 Ry     beta= 0.30\n     iteration #   6     ecut=    80.00 Ry     beta= 0.30\n     iteration #   7     ecut=    80.00 Ry     beta= 0.30\n     iteration #   8     ecut=    80.00 Ry     beta= 0.30\n     iteration #   9     ecut=    80.00 Ry     beta= 0.30\n     iteration #  10     ecut=    80.00 Ry     beta= 0.30\n     iteration #  11     ecut=    80.00 Ry     beta= 0.30\n     iteration #  12     ecut=    80.00 Ry     beta= 0.30\n     iteration #  13     ecut=    80.00 Ry     beta= 0.30\n     iteration #  14     ecut=    80.00 Ry     beta= 0.30\n     iteration #  15     ecut=    80.00 Ry     beta= 0.30\n     iteration #  16     ecut=    80.00 Ry     beta= 0.30\n     iteration #  17     ecut=    80.00 Ry     beta= 0.30\n     iteration #  18     ecut=    80.00 Ry     beta= 0.30\n     iteration #  19     ecut=    80.00 Ry     beta= 0.30\n     iteration #  20     ecut=    80.00 Ry     beta= 0.30\n     iteration #  21     ecut=    80.00 Ry     beta= 0.30\n     iteration #  22     ecut=    80.00 Ry     beta= 0.30\n     iteration #  23     ecut=    80.00 Ry     beta= 0.30\n     iteration #  24     ecut=    80.00 Ry     beta= 0.30\n     iteration #  25     ecut=    80.00 Ry     beta= 0.30\n     iteration #  26     ecut=    80.00 Ry     beta= 0.30\n     iteration #  27     ecut=    80.00 Ry     beta= 0.30\n     iteration #  28     ecut=    80.00 Ry     beta= 0.30\n     iteration #  29     ecut=    80.00 Ry     beta= 0.30\n     iteration #  30     ecut=    80.00 Ry     beta= 0.30\n!    total energy              =  -500.10000000 Ry\n     convergence has been achieved in  30 iterations\n     Forces acting on atoms (cartesian axes, Ry/au):\n\n     atom    1 type  1   force =     0.00000000    0.00000000     0.05000000\n     atom    2 type  1   force =     0.00000000    0.00000000     0.05000000\n     atom    3 type  1   force =     0.00000000    0.00000000     0.05000000\n     atom    4 type  1   force =     0.00000000    0.00000000     0.05000000\n     atom    5 type  1   force =     0.00000000    0.00000000     0.05000000\n\n     Total force =     0.1\n     iteration #   1     ecut=    80.00 Ry     beta= 0.30\n     iteration #   2     ecut=    80.00 Ry     beta= 0.30\n     iteration #   3     ecut=    80.00 Ry     beta= 0.30\n     iteration #   4     ecut=    80.00 Ry     beta= 0.30\n     iteration #   5     ecut=    80.00 Ry     beta= 0.30\n     iteration #   6     ecut=    80.00 Ry     beta= 0.30\n     iteration #   7     ecut=    80.00 Ry     beta= 0.30\n     iteration #   8     ecut=    80.00 Ry     beta= 0.30\n     iteration #   9     ecut=    80.00 Ry     beta= 0.30\n     iteration #  10     ecut=    80.00 Ry     beta= 0.30\n     iteration #  11     ecut=    80.00 Ry     beta= 0.30\n     iteration #  12     ecut=    80.00 Ry     beta= 0.30\n!    total energy              =  -500.00000000 Ry\n     convergence has been achieved in  12 iterations\n     Forces acting on atoms (cartesian axes, Ry/au):\n\n     atom    1 type  1   force =     0.00000000    0.00000000     0.00050000\n     atom    2 type  1   force =     0.00000000    0.00000000     0.00050000\n     atom    3 type  1   force =     0.00000000    0.00000000     0.00050000\n     atom    4 type  1   force =     0.00000000    0.00000000     0.00050000\n     atom    5 type  1   force =     0.00000000    0.00000000     0.00050000\n\n     Total force =     0.001\n     bfgs converged in   2 scf cycles and   1 bfgs steps\n     End of BFGS Geometry Optimization\n     Final energy             =  -500.0000000000 Ry\nBegin final coordinates\n\nATOMIC_POSITIONS (angstrom)\nMn  2.0000000000  2.0000000000  5.0000000000    0   0   0\nO  5.0000000000  5.0000000000  6.2000000000\nCr  5.0000000000  5.0000000000  8.8000000000\nO  7.0000000000  5.0000000000  8.0000000000\nO  5.0000000000  5.0000000000  10.3900000000\nEnd final coordinates\n     PWSCF        :     10.00s CPU     11.00s WALL\nProgram received signal SIGFPE: Floating-point exception - erroneous arithmetic operation.\n   JOB DONE.\nNote: The following floating-point exceptions are signalling: IEEE_UNDERFLOW_FLAG IEEE_DENORMAL\nNote: The following floating-point exceptions are signalling: IEEE_UNDERFLOW_FLAG IEEE_DENORMAL\nNote: The following floating-point exceptions are signalling: IEEE_UNDERFLOW_FLAG IEEE_DENORMAL\n-REJECTED]" time="0.065" /><testcase classname="tests.s2.test_lowtail_readout" name="test_leg_acceptance[     number of atoms/cell      =            5\n     total magnetization       =      3.00 Bohr mag/cell\n     absolute magnetization    =     5.00 Bohr mag/cell\n     iteration #   1     ecut=    80.00 Ry     beta= 0.30\n     iteration #   2     ecut=    80.00 Ry     beta= 0.30\n     iteration #   3     ecut=    80.00 Ry     beta= 0.30\n     iteration #   4     ecut=    80.00 Ry     beta= 0.30\n     iteration #   5     ecut=    80.00 Ry     beta= 0.30\n     iteration #   6     ecut=    80.00 Ry     beta= 0.30\n     iteration #   7     ecut=    80.00 Ry     beta= 0.30\n     iteration #   8     ecut=    80.00 Ry     beta= 0.30\n     iteration #   9     ecut=    80.00 Ry     beta= 0.30\n     iteration #  10     ecut=    80.00 Ry     beta= 0.30\n     iteration #  11     ecut=    80.00 Ry     beta= 0.30\n     iteration #  12     ecut=    80.00 Ry     beta= 0.30\n     iteration #  13     ecut=    80.00 Ry     beta= 0.30\n     iteration #  14     ecut=    80.00 Ry     beta= 0.30\n     iteration #  15     ecut=    80.00 Ry     beta= 0.30\n     iteration #  16     ecut=    80.00 Ry     beta= 0.30\n     iteration #  17     ecut=    80.00 Ry     beta= 0.30\n     iteration #  18     ecut=    80.00 Ry     beta= 0.30\n     iteration #  19     ecut=    80.00 Ry     beta= 0.30\n     iteration #  20     ecut=    80.00 Ry     beta= 0.30\n     iteration #  21     ecut=    80.00 Ry     beta= 0.30\n     iteration #  22     ecut=    80.00 Ry     beta= 0.30\n     iteration #  23     ecut=    80.00 Ry     beta= 0.30\n     iteration #  24     ecut=    80.00 Ry     beta= 0.30\n     iteration #  25     ecut=    80.00 Ry     beta= 0.30\n     iteration #  26     ecut=    80.00 Ry     beta= 0.30\n     iteration #  27     ecut=    80.00 Ry     beta= 0.30\n     iteration #  28     ecut=    80.00 Ry     beta= 0.30\n     iteration #  29     ecut=    80.00 Ry     beta= 0.30\n     iteration #  30     ecut=    80.00 Ry     beta= 0.30\n     iteration #  31     ecut=    80.00 Ry     beta= 0.30\n     iteration #  32     ecut=    80.00 Ry     beta= 0.30\n     iteration #  33     ecut=    80.00 Ry     beta= 0.30\n     iteration #  34     ecut=    80.00 Ry     beta= 0.30\n     iteration #  35     ecut=    80.00 Ry     beta= 0.30\n     iteration #  36     ecut=    80.00 Ry     beta= 0.30\n     iteration #  37     ecut=    80.00 Ry     beta= 0.30\n     iteration #  38     ecut=    80.00 Ry     beta= 0.30\n     iteration #  39     ecut=    80.00 Ry     beta= 0.30\n     iteration #  40     ecut=    80.00 Ry     beta= 0.30\n     iteration #  41     ecut=    80.00 Ry     beta= 0.30\n     iteration #  42     ecut=    80.00 Ry     beta= 0.30\n     iteration #  43     ecut=    80.00 Ry     beta= 0.30\n     iteration #  44     ecut=    80.00 Ry     beta= 0.30\n     iteration #  45     ecut=    80.00 Ry     beta= 0.30\n     iteration #  46     ecut=    80.00 Ry     beta= 0.30\n     iteration #  47     ecut=    80.00 Ry     beta= 0.30\n     iteration #  48     ecut=    80.00 Ry     beta= 0.30\n     iteration #  49     ecut=    80.00 Ry     beta= 0.30\n     iteration #  50     ecut=    80.00 Ry     beta= 0.30\n     iteration #  51     ecut=    80.00 Ry     beta= 0.30\n     iteration #  52     ecut=    80.00 Ry     beta= 0.30\n     iteration #  53     ecut=    80.00 Ry     beta= 0.30\n     iteration #  54     ecut=    80.00 Ry     beta= 0.30\n     iteration #  55     ecut=    80.00 Ry     beta= 0.30\n     iteration #  56     ecut=    80.00 Ry     beta= 0.30\n     iteration #  57     ecut=    80.00 Ry     beta= 0.30\n     iteration #  58     ecut=    80.00 Ry     beta= 0.30\n     iteration #  59     ecut=    80.00 Ry     beta= 0.30\n     iteration #  60     ecut=    80.00 Ry     beta= 0.30\n     iteration #  61     ecut=    80.00 Ry     beta= 0.30\n     iteration #  62     ecut=    80.00 Ry     beta= 0.30\n     iteration #  63     ecut=    80.00 Ry     beta= 0.30\n     iteration #  64     ecut=    80.00 Ry     beta= 0.30\n     iteration #  65     ecut=    80.00 Ry     beta= 0.30\n     iteration #  66     ecut=    80.00 Ry     beta= 0.30\n     iteration #  67     ecut=    80.00 Ry     beta= 0.30\n     iteration #  68     ecut=    80.00 Ry     beta= 0.30\n     iteration #  69     ecut=    80.00 Ry     beta= 0.30\n     iteration #  70     ecut=    80.00 Ry     beta= 0.30\n     iteration #  71     ecut=    80.00 Ry     beta= 0.30\n     iteration #  72     ecut=    80.00 Ry     beta= 0.30\n     iteration #  73     ecut=    80.00 Ry     beta= 0.30\n     iteration #  74     ecut=    80.00 Ry     beta= 0.30\n     iteration #  75     ecut=    80.00 Ry     beta= 0.30\n     iteration #  76     ecut=    80.00 Ry     beta= 0.30\n     iteration #  77     ecut=    80.00 Ry     beta= 0.30\n     iteration #  78     ecut=    80.00 Ry     beta= 0.30\n     iteration #  79     ecut=    80.00 Ry     beta= 0.30\n     iteration #  80     ecut=    80.00 Ry     beta= 0.30\n     iteration #  81     ecut=    80.00 Ry     beta= 0.30\n     iteration #  82     ecut=    80.00 Ry     beta= 0.30\n     iteration #  83     ecut=    80.00 Ry     beta= 0.30\n     iteration #  84     ecut=    80.00 Ry     beta= 0.30\n     iteration #  85     ecut=    80.00 Ry     beta= 0.30\n     iteration #  86     ecut=    80.00 Ry     beta= 0.30\n     iteration #  87     ecut=    80.00 Ry     beta= 0.30\n     iteration #  88     ecut=    80.00 Ry     beta= 0.30\n     iteration #  89     ecut=    80.00 Ry     beta= 0.30\n     iteration #  90     ecut=    80.00 Ry     beta= 0.30\n     iteration #  91     ecut=    80.00 Ry     beta= 0.30\n     iteration #  92     ecut=    80.00 Ry     beta= 0.30\n     iteration #  93     ecut=    80.00 Ry     beta= 0.30\n     iteration #  94     ecut=    80.00 Ry     beta= 0.30\n     iteration #  95     ecut=    80.00 Ry     beta= 0.30\n     iteration #  96     ecut=    80.00 Ry     beta= 0.30\n     iteration #  97     ecut=    80.00 Ry     beta= 0.30\n     iteration #  98     ecut=    80.00 Ry     beta= 0.30\n     iteration #  99     ecut=    80.00 Ry     beta= 0.30\n     iteration # 100     ecut=    80.00 Ry     beta= 0.30\n     iteration # 101     ecut=    80.00 Ry     beta= 0.30\n     iteration # 102     ecut=    80.00 Ry     beta= 0.30\n     iteration # 103     ecut=    80.00 Ry     beta= 0.30\n     iteration # 104     ecut=    80.00 Ry     beta= 0.30\n     iteration # 105     ecut=    80.00 Ry     beta= 0.30\n     iteration # 106     ecut=    80.00 Ry     beta= 0.30\n     iteration # 107     ecut=    80.00 Ry     beta= 0.30\n     iteration # 108     ecut=    80.00 Ry     beta= 0.30\n     iteration # 109     ecut=    80.00 Ry     beta= 0.30\n     iteration # 110     ecut=    80.00 Ry     beta= 0.30\n     iteration # 111     ecut=    80.00 Ry     beta= 0.30\n     iteration # 112     ecut=    80.00 Ry     beta= 0.30\n     iteration # 113     ecut=    80.00 Ry     beta= 0.30\n     iteration # 114     ecut=    80.00 Ry     beta= 0.30\n     iteration # 115     ecut=    80.00 Ry     beta= 0.30\n     iteration # 116     ecut=    80.00 Ry     beta= 0.30\n     iteration # 117     ecut=    80.00 Ry     beta= 0.30\n     iteration # 118     ecut=    80.00 Ry     beta= 0.30\n     iteration # 119     ecut=    80.00 Ry     beta= 0.30\n     iteration # 120     ecut=    80.00 Ry     beta= 0.30\n     iteration # 121     ecut=    80.00 Ry     beta= 0.30\n     iteration # 122     ecut=    80.00 Ry     beta= 0.30\n     iteration # 123     ecut=    80.00 Ry     beta= 0.30\n     iteration # 124     ecut=    80.00 Ry     beta= 0.30\n     iteration # 125     ecut=    80.00 Ry     beta= 0.30\n     iteration # 126     ecut=    80.00 Ry     beta= 0.30\n     iteration # 127     ecut=    80.00 Ry     beta= 0.30\n!    total energy              =  -500.10000000 Ry\n     convergence has been achieved in  127 iterations\n     Forces acting on atoms (cartesian axes, Ry/au):\n\n     atom    1 type  1   force =     0.00000000    0.00000000     0.05000000\n     atom    2 type  1   force =     0.00000000    0.00000000     0.05000000\n     atom    3 type  1   force =     0.00000000    0.00000000     0.05000000\n     atom    4 type  1   force =     0.00000000    0.00000000     0.05000000\n     atom    5 type  1   force =     0.00000000    0.00000000     0.05000000\n\n     Total force =     0.1\n     iteration #   1     ecut=    80.00 Ry     beta= 0.30\n     iteration #   2     ecut=    80.00 Ry     beta= 0.30\n     iteration #   3     ecut=    80.00 Ry     beta= 0.30\n     iteration #   4     ecut=    80.00 Ry     beta= 0.30\n     iteration #   5     ecut=    80.00 Ry     beta= 0.30\n     iteration #   6     ecut=    80.00 Ry     beta= 0.30\n     iteration #   7     ecut=    80.00 Ry     beta= 0.30\n     iteration #   8     ecut=    80.00 Ry     beta= 0.30\n     iteration #   9     ecut=    80.00 Ry     beta= 0.30\n     iteration #  10     ecut=    80.00 Ry     beta= 0.30\n     iteration #  11     ecut=    80.00 Ry     beta= 0.30\n     iteration #  12     ecut=    80.00 Ry     beta= 0.30\n!    total energy              =  -500.00000000 Ry\n     convergence has been achieved in  12 iterations\n     Forces acting on atoms (cartesian axes, Ry/au):\n\n     atom    1 type  1   force =     0.00000000    0.00000000     0.00050000\n     atom    2 type  1   force =     0.00000000    0.00000000     0.00050000\n     atom    3 type  1   force =     0.00000000    0.00000000     0.00050000\n     atom    4 type  1   force =     0.00000000    0.00000000     0.00050000\n     atom    5 type  1   force =     0.00000000    0.00000000     0.00050000\n\n     Total force =     0.001\n     bfgs converged in   2 scf cycles and   1 bfgs steps\n     End of BFGS Geometry Optimization\n     Final energy             =  -500.0000000000 Ry\nBegin final coordinates\n\nATOMIC_POSITIONS (angstrom)\nMn  2.0000000000  2.0000000000  5.0000000000    0   0   0\nO  5.0000000000  5.0000000000  6.2000000000\nCr  5.0000000000  5.0000000000  8.8000000000\nO  7.0000000000  5.0000000000  8.0000000000\nO  5.0000000000  5.0000000000  10.3900000000\nEnd final coordinates\n     PWSCF        :     10.00s CPU     11.00s WALL\n\n   JOB DONE.\nNote: The following floating-point exceptions are signalling: IEEE_UNDERFLOW_FLAG IEEE_DENORMAL\nNote: The following floating-point exceptions are signalling: IEEE_UNDERFLOW_FLAG IEEE_DENORMAL\nNote: The following floating-point exceptions are signalling: IEEE_UNDERFLOW_FLAG IEEE_DENORMAL\n-KILL_RULE_EXCEEDED]" time="0.099" /><testcase classname="tests.s2.test_lowtail_readout" name="test_leg_acceptance[     number of atoms/cell      =            5\n     total magnetization       =      3.00 Bohr mag/cell\n     absolute magnetization    =     5.00 Bohr mag/cell\n     iteration #   1     ecut=    80.00 Ry     beta= 0.30\n     iteration #   2     ecut=    80.00 Ry     beta= 0.30\n     iteration #   3     ecut=    80.00 Ry     beta= 0.30\n     iteration #   4     ecut=    80.00 Ry     beta= 0.30\n     iteration #   5     ecut=    80.00 Ry     beta= 0.30\n     iteration #   6     ecut=    80.00 Ry     beta= 0.30\n     iteration #   7     ecut=    80.00 Ry     beta= 0.30\n     iteration #   8     ecut=    80.00 Ry     beta= 0.30\n     iteration #   9     ecut=    80.00 Ry     beta= 0.30\n     iteration #  10     ecut=    80.00 Ry     beta= 0.30\n     iteration #  11     ecut=    80.00 Ry     beta= 0.30\n     iteration #  12     ecut=    80.00 Ry     beta= 0.30\n     iteration #  13     ecut=    80.00 Ry     beta= 0.30\n     iteration #  14     ecut=    80.00 Ry     beta= 0.30\n     iteration #  15     ecut=    80.00 Ry     beta= 0.30\n     iteration #  16     ecut=    80.00 Ry     beta= 0.30\n     iteration #  17     ecut=    80.00 Ry     beta= 0.30\n     iteration #  18     ecut=    80.00 Ry     beta= 0.30\n     iteration #  19     ecut=    80.00 Ry     beta= 0.30\n     iteration #  20     ecut=    80.00 Ry     beta= 0.30\n     iteration #  21     ecut=    80.00 Ry     beta= 0.30\n     iteration #  22     ecut=    80.00 Ry     beta= 0.30\n     iteration #  23     ecut=    80.00 Ry     beta= 0.30\n     iteration #  24     ecut=    80.00 Ry     beta= 0.30\n     iteration #  25     ecut=    80.00 Ry     beta= 0.30\n     iteration #  26     ecut=    80.00 Ry     beta= 0.30\n     iteration #  27     ecut=    80.00 Ry     beta= 0.30\n     iteration #  28     ecut=    80.00 Ry     beta= 0.30\n     iteration #  29     ecut=    80.00 Ry     beta= 0.30\n     iteration #  30     ecut=    80.00 Ry     beta= 0.30\n!    total energy              =  -500.10000000 Ry\n     convergence has been achieved in  30 iterations\n     Forces acting on atoms (cartesian axes, Ry/au):\n\n     atom    1 type  1   force =     0.00000000    0.00000000     0.05000000\n     atom    2 type  1   force =     0.00000000    0.00000000     0.05000000\n     atom    3 type  1   force =     0.00000000    0.00000000     0.05000000\n     atom    4 type  1   force =     0.00000000    0.00000000     0.05000000\n     atom    5 type  1   force =     0.00000000    0.00000000     0.05000000\n\n     Total force =     0.1\n     iteration #   1     ecut=    80.00 Ry     beta= 0.30\n     iteration #   2     ecut=    80.00 Ry     beta= 0.30\n     iteration #   3     ecut=    80.00 Ry     beta= 0.30\n     iteration #   4     ecut=    80.00 Ry     beta= 0.30\n     iteration #   5     ecut=    80.00 Ry     beta= 0.30\n     iteration #   6     ecut=    80.00 Ry     beta= 0.30\n     iteration #   7     ecut=    80.00 Ry     beta= 0.30\n     iteration #   8     ecut=    80.00 Ry     beta= 0.30\n     iteration #   9     ecut=    80.00 Ry     beta= 0.30\n     iteration #  10     ecut=    80.00 Ry     beta= 0.30\n     iteration #  11     ecut=    80.00 Ry     beta= 0.30\n     iteration #  12     ecut=    80.00 Ry     beta= 0.30\n!    total energy              =  -500.00000000 Ry\n     convergence has been achieved in  12 iterations\n     Forces acting on atoms (cartesian axes, Ry/au):\n\n     atom    1 type  1   force =     0.00000000    0.00000000     0.00050000\n     atom    2 type  1   force =     0.00000000    0.00000000     0.00050000\n     atom    3 type  1   force =     0.00000000    0.00000000     0.00050000\n     atom    4 type  1   force =     0.00000000    0.00000000     0.00050000\n     atom    5 type  1   force =     0.00000000    0.00000000     0.00050000\n\n     Total force =     0.001\n     bfgs converged in   2 scf cycles and   1 bfgs steps\n     End of BFGS Geometry Optimization\n     Final energy             =  -500.0000000000 Ry\nBegin final coordinates\n\nATOMIC_POSITIONS (angstrom)\nMn  2.0000000000  2.0000000000  5.0000000000    0   0   0\nO  5.0000000000  5.0000000000  6.2000000000\nCr  5.0000000000  5.0000000000  8.8000000000\nO  7.0000000000  5.0000000000  8.0000000000\nO  5.0000000000  5.0000000000  10.3900000000\nEnd final coordinates\n     PWSCF        :     10.00s CPU     5h34m WALL\n\n   JOB DONE.\nNote: The following floating-point exceptions are signalling: IEEE_UNDERFLOW_FLAG IEEE_DENORMAL\nNote: The following floating-point exceptions are signalling: IEEE_UNDERFLOW_FLAG IEEE_DENORMAL\nNote: The following floating-point exceptions are signalling: IEEE_UNDERFLOW_FLAG IEEE_DENORMAL\n-KILL_RULE_EXCEEDED]" time="0.062" /><testcase classname="tests.s2.test_lowtail_readout" name="test_leg_acceptance[     number of atoms/cell      =            5\n     total magnetization       =      3.00 Bohr mag/cell\n     absolute magnetization    =     5.00 Bohr mag/cell\n     iteration #   1     ecut=    80.00 Ry     beta= 0.30\n     iteration #   2     ecut=    80.00 Ry     beta= 0.30\n     iteration #   3     ecut=    80.00 Ry     beta= 0.30\n     iteration #   4     ecut=    80.00 Ry     beta= 0.30\n     iteration #   5     ecut=    80.00 Ry     beta= 0.30\n     iteration #   6     ecut=    80.00 Ry     beta= 0.30\n     iteration #   7     ecut=    80.00 Ry     beta= 0.30\n     iteration #   8     ecut=    80.00 Ry     beta= 0.30\n     iteration #   9     ecut=    80.00 Ry     beta= 0.30\n     iteration #  10     ecut=    80.00 Ry     beta= 0.30\n     iteration #  11     ecut=    80.00 Ry     beta= 0.30\n     iteration #  12     ecut=    80.00 Ry     beta= 0.30\n     iteration #  13     ecut=    80.00 Ry     beta= 0.30\n     iteration #  14     ecut=    80.00 Ry     beta= 0.30\n     iteration #  15     ecut=    80.00 Ry     beta= 0.30\n     iteration #  16     ecut=    80.00 Ry     beta= 0.30\n     iteration #  17     ecut=    80.00 Ry     beta= 0.30\n     iteration #  18     ecut=    80.00 Ry     beta= 0.30\n     iteration #  19     ecut=    80.00 Ry     beta= 0.30\n     iteration #  20     ecut=    80.00 Ry     beta= 0.30\n     iteration #  21     ecut=    80.00 Ry     beta= 0.30\n     iteration #  22     ecut=    80.00 Ry     beta= 0.30\n     iteration #  23     ecut=    80.00 Ry     beta= 0.30\n     iteration #  24     ecut=    80.00 Ry     beta= 0.30\n     iteration #  25     ecut=    80.00 Ry     beta= 0.30\n     iteration #  26     ecut=    80.00 Ry     beta= 0.30\n     iteration #  27     ecut=    80.00 Ry     beta= 0.30\n     iteration #  28     ecut=    80.00 Ry     beta= 0.30\n     iteration #  29     ecut=    80.00 Ry     beta= 0.30\n     iteration #  30     ecut=    80.00 Ry     beta= 0.30\n!    total energy              =  -500.10000000 Ry\n     convergence has been achieved in  30 iterations\n     Forces acting on atoms (cartesian axes, Ry/au):\n\n     atom    1 type  1   force =     0.00000000    0.00000000     0.05000000\n     atom    2 type  1   force =     0.00000000    0.00000000     0.05000000\n     atom    3 type  1   force =     0.00000000    0.00000000     0.05000000\n     atom    4 type  1   force =     0.00000000    0.00000000     0.05000000\n     atom    5 type  1   force =     0.00000000    0.00000000     0.05000000\n\n     Total force =     0.1\n     iteration #   1     ecut=    80.00 Ry     beta= 0.30\n     iteration #   2     ecut=    80.00 Ry     beta= 0.30\n     iteration #   3     ecut=    80.00 Ry     beta= 0.30\n     iteration #   4     ecut=    80.00 Ry     beta= 0.30\n     iteration #   5     ecut=    80.00 Ry     beta= 0.30\n     iteration #   6     ecut=    80.00 Ry     beta= 0.30\n     iteration #   7     ecut=    80.00 Ry     beta= 0.30\n     iteration #   8     ecut=    80.00 Ry     beta= 0.30\n     iteration #   9     ecut=    80.00 Ry     beta= 0.30\n     iteration #  10     ecut=    80.00 Ry     beta= 0.30\n     iteration #  11     ecut=    80.00 Ry     beta= 0.30\n     iteration #  12     ecut=    80.00 Ry     beta= 0.30\n!    total energy              =  -500.00000000 Ry\n     convergence has been achieved in  12 iterations\n     Forces acting on atoms (cartesian axes, Ry/au):\n\n     atom    1 type  1   force =     0.00000000    0.00000000     0.00050000\n     atom    2 type  1   force =     0.00000000    0.00000000     0.00050000\n     atom    3 type  1   force =     0.00000000    0.00000000     0.00050000\n     atom    4 type  1   force =     0.00000000    0.00000000     0.00050000\n     atom    5 type  1   force =     0.00000000    0.00000000     0.00050000\n\n     Total force =     0.001\nBegin final coordinates\n\nATOMIC_POSITIONS (angstrom)\nMn  2.0000000000  2.0000000000  5.0000000000    0   0   0\nO  5.0000000000  5.0000000000  6.2000000000\nCr  5.0000000000  5.0000000000  8.8000000000\nO  7.0000000000  5.0000000000  8.0000000000\nO  5.0000000000  5.0000000000  10.3900000000\nEnd final coordinates\n     PWSCF        :     10.00s CPU     11.00s WALL\n\n   JOB DONE.\nNote: The following floating-point exceptions are signalling: IEEE_UNDERFLOW_FLAG IEEE_DENORMAL\nNote: The following floating-point exceptions are signalling: IEEE_UNDERFLOW_FLAG IEEE_DENORMAL\nNote: The following floating-point exceptions are signalling: IEEE_UNDERFLOW_FLAG IEEE_DENORMAL\n-REJECTED]" time="0.085" /><testcase classname="tests.s2.test_lowtail_readout" name="test_leg_acceptance[     number of atoms/cell      =            5\n     total magnetization       =      3.00 Bohr mag/cell\n     absolute magnetization    =     5.00 Bohr mag/cell\n     iteration #   1     ecut=    80.00 Ry     beta= 0.30\n     iteration #   2     ecut=    80.00 Ry     beta= 0.30\n     iteration #   3     ecut=    80.00 Ry     beta= 0.30\n     iteration #   4     ecut=    80.00 Ry     beta= 0.30\n     iteration #   5     ecut=    80.00 Ry     beta= 0.30\n     iteration #   6     ecut=    80.00 Ry     beta= 0.30\n     iteration #   7     ecut=    80.00 Ry     beta= 0.30\n     iteration #   8     ecut=    80.00 Ry     beta= 0.30\n     iteration #   9     ecut=    80.00 Ry     beta= 0.30\n     iteration #  10     ecut=    80.00 Ry     beta= 0.30\n     iteration #  11     ecut=    80.00 Ry     beta= 0.30\n     iteration #  12     ecut=    80.00 Ry     beta= 0.30\n     iteration #  13     ecut=    80.00 Ry     beta= 0.30\n     iteration #  14     ecut=    80.00 Ry     beta= 0.30\n     iteration #  15     ecut=    80.00 Ry     beta= 0.30\n     iteration #  16     ecut=    80.00 Ry     beta= 0.30\n     iteration #  17     ecut=    80.00 Ry     beta= 0.30\n     iteration #  18     ecut=    80.00 Ry     beta= 0.30\n     iteration #  19     ecut=    80.00 Ry     beta= 0.30\n     iteration #  20     ecut=    80.00 Ry     beta= 0.30\n     iteration #  21     ecut=    80.00 Ry     beta= 0.30\n     iteration #  22     ecut=    80.00 Ry     beta= 0.30\n     iteration #  23     ecut=    80.00 Ry     beta= 0.30\n     iteration #  24     ecut=    80.00 Ry     beta= 0.30\n     iteration #  25     ecut=    80.00 Ry     beta= 0.30\n     iteration #  26     ecut=    80.00 Ry     beta= 0.30\n     iteration #  27     ecut=    80.00 Ry     beta= 0.30\n     iteration #  28     ecut=    80.00 Ry     beta= 0.30\n     iteration #  29     ecut=    80.00 Ry     beta= 0.30\n     iteration #  30     ecut=    80.00 Ry     beta= 0.30\n!    total energy              =  -500.10000000 Ry\n     convergence has been achieved in  30 iterations\n     Forces acting on atoms (cartesian axes, Ry/au):\n\n     atom    1 type  1   force =     0.00000000    0.00000000     0.05000000\n     atom    2 type  1   force =     0.00000000    0.00000000     0.05000000\n     atom    3 type  1   force =     0.00000000    0.00000000     0.05000000\n     atom    4 type  1   force =     0.00000000    0.00000000     0.05000000\n     atom    5 type  1   force =     0.00000000    0.00000000     0.05000000\n\n     Total force =     0.1\n     iteration #   1     ecut=    80.00 Ry     beta= 0.30\n     iteration #   2     ecut=    80.00 Ry     beta= 0.30\n     iteration #   3     ecut=    80.00 Ry     beta= 0.30\n     iteration #   4     ecut=    80.00 Ry     beta= 0.30\n     iteration #   5     ecut=    80.00 Ry     beta= 0.30\n     iteration #   6     ecut=    80.00 Ry     beta= 0.30\n     iteration #   7     ecut=    80.00 Ry     beta= 0.30\n     iteration #   8     ecut=    80.00 Ry     beta= 0.30\n     iteration #   9     ecut=    80.00 Ry     beta= 0.30\n     iteration #  10     ecut=    80.00 Ry     beta= 0.30\n     iteration #  11     ecut=    80.00 Ry     beta= 0.30\n     iteration #  12     ecut=    80.00 Ry     beta= 0.30\n!    total energy              =  -500.00000000 Ry\n     convergence has been achieved in  12 iterations\n     Forces acting on atoms (cartesian axes, Ry/au):\n\n     atom    1 type  1   force =     0.00000000    0.00000000     0.00050000\n     atom    2 type  1   force =     0.00000000    0.00000000     0.00050000\n     atom    3 type  1   force =     0.00000000    0.00000000     0.00050000\n     atom    4 type  1   force =     0.00000000    0.00000000     0.00050000\n     atom    5 type  1   force =     0.00000000    0.00000000     0.00050000\n\n     Total force =     0.001\n     bfgs converged in   2 scf cycles and   1 bfgs steps\n     End of BFGS Geometry Optimization\n     Final energy             =  -500.0000000000 Ry\n     PWSCF        :     10.00s CPU     11.00s WALL\n\n   JOB DONE.\nNote: The following floating-point exceptions are signalling: IEEE_UNDERFLOW_FLAG IEEE_DENORMAL\nNote: The following floating-point exceptions are signalling: IEEE_UNDERFLOW_FLAG IEEE_DENORMAL\nNote: The following floating-point exceptions are signalling: IEEE_UNDERFLOW_FLAG IEEE_DENORMAL\n-REJECTED_BY_READOUT]" time="0.051" /><testcase classname="tests.s2.test_lowtail_readout" name="test_leg_acceptance[     number of atoms/cell      =            5\n     total magnetization       =      3.00 Bohr mag/cell\n     absolute magnetization    =     5.00 Bohr mag/cell\n     iteration #   1     ecut=    80.00 Ry     beta= 0.30\n     iteration #   2     ecut=    80.00 Ry     beta= 0.30\n     iteration #   3     ecut=    80.00 Ry     beta= 0.30\n     iteration #   4     ecut=    80.00 Ry     beta= 0.30\n     iteration #   5     ecut=    80.00 Ry     beta= 0.30\n     iteration #   6     ecut=    80.00 Ry     beta= 0.30\n     iteration #   7     ecut=    80.00 Ry     beta= 0.30\n     iteration #   8     ecut=    80.00 Ry     beta= 0.30\n     iteration #   9     ecut=    80.00 Ry     beta= 0.30\n     iteration #  10     ecut=    80.00 Ry     beta= 0.30\n     iteration #  11     ecut=    80.00 Ry     beta= 0.30\n     iteration #  12     ecut=    80.00 Ry     beta= 0.30\n     iteration #  13     ecut=    80.00 Ry     beta= 0.30\n     iteration #  14     ecut=    80.00 Ry     beta= 0.30\n     iteration #  15     ecut=    80.00 Ry     beta= 0.30\n     iteration #  16     ecut=    80.00 Ry     beta= 0.30\n     iteration #  17     ecut=    80.00 Ry     beta= 0.30\n     iteration #  18     ecut=    80.00 Ry     beta= 0.30\n     iteration #  19     ecut=    80.00 Ry     beta= 0.30\n     iteration #  20     ecut=    80.00 Ry     beta= 0.30\n     iteration #  21     ecut=    80.00 Ry     beta= 0.30\n     iteration #  22     ecut=    80.00 Ry     beta= 0.30\n     iteration #  23     ecut=    80.00 Ry     beta= 0.30\n     iteration #  24     ecut=    80.00 Ry     beta= 0.30\n     iteration #  25     ecut=    80.00 Ry     beta= 0.30\n     iteration #  26     ecut=    80.00 Ry     beta= 0.30\n     iteration #  27     ecut=    80.00 Ry     beta= 0.30\n     iteration #  28     ecut=    80.00 Ry     beta= 0.30\n     iteration #  29     ecut=    80.00 Ry     beta= 0.30\n     iteration #  30     ecut=    80.00 Ry     beta= 0.30\n!    total energy              =  -500.10000000 Ry\n     convergence has been achieved in  30 iterations\n     Forces acting on atoms (cartesian axes, Ry/au):\n\n     atom    1 type  1   force =     0.00000000    0.00000000     0.05000000\n     atom    2 type  1   force =     0.00000000    0.00000000     0.05000000\n     atom    3 type  1   force =     0.00000000    0.00000000     0.05000000\n     atom    4 type  1   force =     0.00000000    0.00000000     0.05000000\n     atom    5 type  1   force =     0.00000000    0.00000000     0.05000000\n\n     Total force =     0.1\n     iteration #   1     ecut=    80.00 Ry     beta= 0.30\n     iteration #   2     ecut=    80.00 Ry     beta= 0.30\n     iteration #   3     ecut=    80.00 Ry     beta= 0.30\n     iteration #   4     ecut=    80.00 Ry     beta= 0.30\n     iteration #   5     ecut=    80.00 Ry     beta= 0.30\n     iteration #   6     ecut=    80.00 Ry     beta= 0.30\n     iteration #   7     ecut=    80.00 Ry     beta= 0.30\n     iteration #   8     ecut=    80.00 Ry     beta= 0.30\n     iteration #   9     ecut=    80.00 Ry     beta= 0.30\n     iteration #  10     ecut=    80.00 Ry     beta= 0.30\n     iteration #  11     ecut=    80.00 Ry     beta= 0.30\n     iteration #  12     ecut=    80.00 Ry     beta= 0.30\n!    total energy              =  -500.00000000 Ry\n     convergence has been achieved in  12 iterations\n     Forces acting on atoms (cartesian axes, Ry/au):\n\n     atom    1 type  1   force =     0.00000000    0.00000000     0.01000000\n     atom    2 type  1   force =     0.00000000    0.00000000     0.01000000\n     atom    3 type  1   force =     0.00000000    0.00000000     0.01000000\n     atom    4 type  1   force =     0.00000000    0.00000000     0.01000000\n     atom    5 type  1   force =     0.00000000    0.00000000     0.01000000\n\n     Total force =     0.001\n     bfgs converged in   2 scf cycles and   1 bfgs steps\n     End of BFGS Geometry Optimization\n     Final energy             =  -500.0000000000 Ry\nBegin final coordinates\n\nATOMIC_POSITIONS (angstrom)\nMn  2.0000000000  2.0000000000  5.0000000000    0   0   0\nO  5.0000000000  5.0000000000  6.2000000000\nCr  5.0000000000  5.0000000000  8.8000000000\nO  7.0000000000  5.0000000000  8.0000000000\nO  5.0000000000  5.0000000000  10.3900000000\nEnd final coordinates\n     PWSCF        :     10.00s CPU     11.00s WALL\n\n   JOB DONE.\nNote: The following floating-point exceptions are signalling: IEEE_UNDERFLOW_FLAG IEEE_DENORMAL\nNote: The following floating-point exceptions are signalling: IEEE_UNDERFLOW_FLAG IEEE_DENORMAL\nNote: The following floating-point exceptions are signalling: IEEE_UNDERFLOW_FLAG IEEE_DENORMAL\n-REJECTED_BY_READOUT]" time="0.050" /><testcase classname="tests.s2.test_lowtail_readout" name="test_leg_acceptance[     number of atoms/cell      =            5\n     total magnetization       =      3.00 Bohr mag/cell\n     absolute magnetization    =     5.00 Bohr mag/cell\n     iteration #   1     ecut=    80.00 Ry     beta= 0.30\n     iteration #   2     ecut=    80.00 Ry     beta= 0.30\n     iteration #   3     ecut=    80.00 Ry     beta= 0.30\n     iteration #   4     ecut=    80.00 Ry     beta= 0.30\n     iteration #   5     ecut=    80.00 Ry     beta= 0.30\n     iteration #   6     ecut=    80.00 Ry     beta= 0.30\n     iteration #   7     ecut=    80.00 Ry     beta= 0.30\n     iteration #   8     ecut=    80.00 Ry     beta= 0.30\n     iteration #   9     ecut=    80.00 Ry     beta= 0.30\n     iteration #  10     ecut=    80.00 Ry     beta= 0.30\n     iteration #  11     ecut=    80.00 Ry     beta= 0.30\n     iteration #  12     ecut=    80.00 Ry     beta= 0.30\n     iteration #  13     ecut=    80.00 Ry     beta= 0.30\n     iteration #  14     ecut=    80.00 Ry     beta= 0.30\n     iteration #  15     ecut=    80.00 Ry     beta= 0.30\n     iteration #  16     ecut=    80.00 Ry     beta= 0.30\n     iteration #  17     ecut=    80.00 Ry     beta= 0.30\n     iteration #  18     ecut=    80.00 Ry     beta= 0.30\n     iteration #  19     ecut=    80.00 Ry     beta= 0.30\n     iteration #  20     ecut=    80.00 Ry     beta= 0.30\n     iteration #  21     ecut=    80.00 Ry     beta= 0.30\n     iteration #  22     ecut=    80.00 Ry     beta= 0.30\n     iteration #  23     ecut=    80.00 Ry     beta= 0.30\n     iteration #  24     ecut=    80.00 Ry     beta= 0.30\n     iteration #  25     ecut=    80.00 Ry     beta= 0.30\n     iteration #  26     ecut=    80.00 Ry     beta= 0.30\n     iteration #  27     ecut=    80.00 Ry     beta= 0.30\n     iteration #  28     ecut=    80.00 Ry     beta= 0.30\n     iteration #  29     ecut=    80.00 Ry     beta= 0.30\n     iteration #  30     ecut=    80.00 Ry     beta= 0.30\n!    total energy              =  -500.10000000 Ry\n     convergence has been achieved in  30 iterations\n     Forces acting on atoms (cartesian axes, Ry/au):\n\n     atom    1 type  1   force =     0.00000000    0.00000000     0.05000000\n     atom    2 type  1   force =     0.00000000    0.00000000     0.05000000\n     atom    3 type  1   force =     0.00000000    0.00000000     0.05000000\n     atom    4 type  1   force =     0.00000000    0.00000000     0.05000000\n     atom    5 type  1   force =     0.00000000    0.00000000     0.05000000\n\n     Total force =     0.1\n     iteration #   1     ecut=    80.00 Ry     beta= 0.30\n     iteration #   2     ecut=    80.00 Ry     beta= 0.30\n     iteration #   3     ecut=    80.00 Ry     beta= 0.30\n     iteration #   4     ecut=    80.00 Ry     beta= 0.30\n     iteration #   5     ecut=    80.00 Ry     beta= 0.30\n     iteration #   6     ecut=    80.00 Ry     beta= 0.30\n     iteration #   7     ecut=    80.00 Ry     beta= 0.30\n     iteration #   8     ecut=    80.00 Ry     beta= 0.30\n     iteration #   9     ecut=    80.00 Ry     beta= 0.30\n     iteration #  10     ecut=    80.00 Ry     beta= 0.30\n     iteration #  11     ecut=    80.00 Ry     beta= 0.30\n     iteration #  12     ecut=    80.00 Ry     beta= 0.30\n!    total energy              =  -500.00000000 Ry\n     convergence has been achieved in  12 iterations\n     Forces acting on atoms (cartesian axes, Ry/au):\n\n     atom    1 type  1   force =     0.00000000    0.00000000     0.00050000\n     atom    2 type  1   force =     0.00000000    0.00000000     0.00050000\n     atom    3 type  1   force =     0.00000000    0.00000000     0.00050000\n     atom    4 type  1   force =     0.00000000    0.00000000     0.00050000\n     atom    5 type  1   force =     0.00000000    0.00000000     0.00050000\n\n     Total force =     0.001\n     bfgs converged in   2 scf cycles and   1 bfgs steps\n     End of BFGS Geometry Optimization\n     Final energy             =  -500.0000000000 Ry\nBegin final coordinates\n\nATOMIC_POSITIONS (angstrom)\nMn  2.5000000000  2.0000000000  5.0000000000    0   0   0\nO  5.0000000000  5.0000000000  6.2000000000\nCr  5.0000000000  5.0000000000  8.8000000000\nO  7.0000000000  5.0000000000  8.0000000000\nO  5.0000000000  5.0000000000  10.3900000000\nEnd final coordinates\n     PWSCF        :     10.00s CPU     11.00s WALL\n\n   JOB DONE.\nNote: The following floating-point exceptions are signalling: IEEE_UNDERFLOW_FLAG IEEE_DENORMAL\nNote: The following floating-point exceptions are signalling: IEEE_UNDERFLOW_FLAG IEEE_DENORMAL\nNote: The following floating-point exceptions are signalling: IEEE_UNDERFLOW_FLAG IEEE_DENORMAL\n-REJECTED_BY_READOUT]" time="0.072" /><testcase classname="tests.s2.test_lowtail_readout" name="test_benign_exit_note_and_hour_wall_tokens_are_accepted" time="0.093" /><testcase classname="tests.s2.test_lowtail_readout" name="test_unmodified_scorer_rejects_the_benign_note_and_stops_on_hour_tokens" time="0.020" /><testcase classname="tests.s2.test_lowtail_readout" name="test_lift_definition_flag" time="0.131" /><testcase classname="tests.s2.test_lowtail_readout" name="test_corrected_scorer_agrees_with_every_banked_hea_readout" time="8.141" /><testcase classname="tests.s2.test_lowtail_readout" name="test_killed_sidecar" time="0.069" /><testcase classname="tests.s2.test_lowtail_readout" name="test_readout_of_the_prepared_plan_is_pending" time="0.038" /></testsuite></testsuites>