<?xml version="1.0" encoding="utf-8"?><testsuites name="pytest tests"><testsuite name="pytest" errors="0" failures="2" skipped="0" tests="197" time="89.424" timestamp="2026-09-18T00:25:58.407075-04:00" hostname="frank"><testcase classname="tests.s2.test_lowtail_cost" name="test_nearest_rank_and_nbnd_rule" time="0.000" /><testcase classname="tests.s2.test_lowtail_cost" name="test_cost_model_inputs_parse_the_valence_table_only" time="0.001" /><testcase classname="tests.s2.test_lowtail_cost" name="test_measured_anchor_rows_follow_the_banked_nbnd_rule" time="3.654" /><testcase classname="tests.s2.test_lowtail_cost" name="test_deck_cost_formula" time="0.001" /><testcase classname="tests.s2.test_lowtail_cost" name="test_relax_survey_and_band" time="0.177" /><testcase classname="tests.s2.test_lowtail_decks" name="test_three_sites_two_projectors_three_states" time="56.220" /><testcase classname="tests.s2.test_lowtail_decks" name="test_written_files_equal_a_fresh_render" time="0.050"><failure message="AssertionError: WindowsPath('C:/Users/frank/sts-electrocatalyst/runs/hea/lowtail_validation_2026-09-16/m_lowtail_validation_2026-09-16.txt')&#10;assert (True and b&quot;# PREPARED ...tomic .in 8\n&quot; == b&quot;# PREPARED ...tomic .in 8\n&quot;&#10; +  where True = exists()&#10; +    where exists = WindowsPath('C:/Users/frank/sts-electrocatalyst/runs/hea/lowtail_validation_2026-09-16/m_lowtail_validation_2026-09-16.txt').exists&#10;  &#10;  At index 1276 diff: b'4' != b'8'&#10;  Use -v to get more diff)">built = {'decisions': {'acceptance': 'a leg is accepted only when src/dft/hea_panel_readout.py parse_out(path, allow_relax=Tru..._POINTS automatic\n  4 2 1 0 0 0\nHUBBARD (ortho-atomic)\nU Co-3d 3.3200\nU Cr-3d 3.7000\nU Mn-3d 3.9000\n", ...}, ...}

    def test_written_files_equal_a_fresh_render(built):
        for path, text in list(built["rendered"].items()) + list(built["manifests"].items()):
&gt;           assert path.exists() and path.read_bytes() == text.encode("utf-8"), path
E           AssertionError: WindowsPath('C:/Users/frank/sts-electrocatalyst/runs/hea/lowtail_validation_2026-09-16/m_lowtail_validation_2026-09-16.txt')
E           assert (True and b"# PREPARED ...tomic .in 8\n" == b"# PREPARED ...tomic .in 8\n"
E            +  where True = exists()
E            +    where exists = WindowsPath('C:/Users/frank/sts-electrocatalyst/runs/hea/lowtail_validation_2026-09-16/m_lowtail_validation_2026-09-16.txt').exists
E             
E             At index 1276 diff: b'4' != b'8'
E             Use -v to get more diff)

tests\s2\test_lowtail_decks.py:34: AssertionError</failure></testcase><testcase classname="tests.s2.test_lowtail_decks" name="test_relax_conversion_changes_one_line_only" time="0.005" /><testcase classname="tests.s2.test_lowtail_decks" name="test_unreconstructed_start_is_clean_slab_plus_on_top_O" time="0.075" /><testcase classname="tests.s2.test_lowtail_decks" name="test_census_geometry_round_trips_in_decks" time="0.067" /><testcase classname="tests.s2.test_lowtail_decks" name="test_fe25_decks_equal_the_approved_pilot_geometry_except_prefix_and_calculation" time="0.052" /><testcase classname="tests.s2.test_lowtail_decks" name="test_manifests_carry_the_prepared_header_and_pass_the_submitter_greps" time="0.002" /><testcase classname="tests.s2.test_lowtail_decks" name="test_kill_rule_carried_to_every_deck_and_manifest" time="0.001" /><testcase classname="tests.s2.test_lowtail_decks" name="test_lift_definition_is_recorded" time="0.001" /><testcase classname="tests.s2.test_lowtail_decks" name="test_survey_manifest_written_equals_fresh_survey" time="0.004"><failure message="AssertionError: assert {'excluded': ...cluded)', ...} == {'excluded': ...cluded)', ...}&#10;  &#10;  Omitting 6 identical items, use -vv to show&#10;  Differing items:&#10;  {'scorer': {'bytes': 28552, 'path': 'src/dft/hea_panel_readout.py', 'sha256': '0aef28e0a67fe1122f7a90ec0d08d622e0337c99a428caeaeedd6004aced5d8b'}} != {'scorer': {'bytes': 29191, 'path': 'src/dft/hea_panel_readout.py', 'sha256': 'f0deef7a465db98e55bd1549c95c1cf9338c9c5b28885e06433d3157834cad57'}}&#10;  Use -v to get more diff">built = {'decisions': {'acceptance': 'a leg is accepted only when src/dft/hea_panel_readout.py parse_out(path, allow_relax=Tru..._POINTS automatic\n  4 2 1 0 0 0\nHUBBARD (ortho-atomic)\nU Co-3d 3.3200\nU Cr-3d 3.7000\nU Mn-3d 3.9000\n", ...}, ...}

    def test_survey_manifest_written_equals_fresh_survey(built):
        written = lt_common.read_json(decks.SURVEY_MANIFEST)
&gt;       assert written == built["survey_manifest"]
E       AssertionError: assert {'excluded': ...cluded)', ...} == {'excluded': ...cluded)', ...}
E         
E         Omitting 6 identical items, use -vv to show
E         Differing items:
E         {'scorer': {'bytes': 28552, 'path': 'src/dft/hea_panel_readout.py', 'sha256': '0aef28e0a67fe1122f7a90ec0d08d622e0337c99a428caeaeedd6004aced5d8b'}} != {'scorer': {'bytes': 29191, 'path': 'src/dft/hea_panel_readout.py', 'sha256': 'f0deef7a465db98e55bd1549c95c1cf9338c9c5b28885e06433d3157834cad57'}}
E         Use -v to get more diff

tests\s2\test_lowtail_decks.py:124: AssertionError</failure></testcase><testcase classname="tests.s2.test_lowtail_decks" name="test_costs_are_positive_and_ceiling_not_below_planning" time="0.001" /><testcase classname="tests.s2.test_lowtail_geometry" name="test_orthogonal_cell_required_and_minimum_image" time="0.129" /><testcase classname="tests.s2.test_lowtail_geometry" name="test_pair_force_signs" time="0.001" /><testcase classname="tests.s2.test_lowtail_geometry" name="test_axial_forces_sign" time="0.001" /><testcase classname="tests.s2.test_lowtail_geometry" name="test_axial_decomposition_separates_bond_compression_from_the_axial_contact" time="0.033" /><testcase classname="tests.s2.test_lowtail_geometry" name="test_axial_oxygen_is_the_one_below" time="0.001" /><testcase classname="tests.s2.test_lowtail_geometry" name="test_basin_labels[0.8-2.6-1.59-True-RECONSTRUCTED]" time="0.001" /><testcase classname="tests.s2.test_lowtail_geometry" name="test_basin_labels[0.1-1.8-1.63-True-UNRECONSTRUCTED]" time="0.001" /><testcase classname="tests.s2.test_lowtail_geometry" name="test_basin_labels[0.8-1.9-1.6-True-MIXED_UNASSIGNED]" time="0.002" /><testcase classname="tests.s2.test_lowtail_geometry" name="test_basin_labels[0.2-2.4-1.6-True-MIXED_UNASSIGNED]" time="0.003" /><testcase classname="tests.s2.test_lowtail_geometry" name="test_basin_labels[0.8-2.6-3.2-True-O_OFF_SITE]" time="0.003" /><testcase classname="tests.s2.test_lowtail_geometry" name="test_basin_labels[0.8-2.6-1.6-False-O_OFF_SITE]" time="0.001" /><testcase classname="tests.s2.test_lowtail_geometry" name="test_basin_labels[0.5-2.1758-1.6-True-RECONSTRUCTED]" time="0.001" /><testcase classname="tests.s2.test_lowtail_geometry" name="test_force_agreement_excludes_fixed_components" time="0.001" /><testcase classname="tests.s2.test_lowtail_qe" name="test_constants_are_those_of_the_accepting_parser" time="0.002" /><testcase classname="tests.s2.test_lowtail_qe" name="test_failure_vocabulary_equals_followup_qc" time="0.007" /><testcase classname="tests.s2.test_lowtail_qe" name="test_total_forces_read_and_contribution_blocks_ignored" time="0.002" /><testcase classname="tests.s2.test_lowtail_qe" name="test_strict_scf_refusals[&lt;lambda&gt;-ordered rows0]" time="0.002" /><testcase classname="tests.s2.test_lowtail_qe" name="test_strict_scf_refusals[&lt;lambda&gt;-ordered rows1]" time="0.002" /><testcase classname="tests.s2.test_lowtail_qe" name="test_strict_scf_refusals[&lt;lambda&gt;-failure markers0]" time="0.002" /><testcase classname="tests.s2.test_lowtail_qe" name="test_strict_scf_refusals[&lt;lambda&gt;-failure markers1]" time="0.002" /><testcase classname="tests.s2.test_lowtail_qe" name="test_strict_scf_refusals[&lt;lambda&gt;-JOB DONE]" time="0.002" /><testcase classname="tests.s2.test_lowtail_qe" name="test_two_energies_refused_for_a_single_point" time="0.001" /><testcase classname="tests.s2.test_lowtail_qe" name="test_numerical_notices_keep_unknown_or_fatal_flags[IEEE_UNDERFLOW_FLAG IEEE_DENORMAL-True]" time="0.002" /><testcase classname="tests.s2.test_lowtail_qe" name="test_numerical_notices_keep_unknown_or_fatal_flags[IEEE_INVALID_FLAG-False]" time="0.002" /><testcase classname="tests.s2.test_lowtail_qe" name="test_numerical_notices_keep_unknown_or_fatal_flags[IEEE_UNDERFLOW_FLAG IEEE_INVALID_FLAG-False]" time="0.003" /><testcase classname="tests.s2.test_lowtail_qe" name="test_numerical_notices_keep_unknown_or_fatal_flags[IEEE_DIVIDE_BY_ZERO-False]" time="0.003" /><testcase classname="tests.s2.test_lowtail_qe" name="test_numerical_notices_keep_unknown_or_fatal_flags[UNRECOGNIZED_FLAG-False]" time="0.001" /><testcase classname="tests.s2.test_lowtail_qe" name="test_extra_final_coordinate_row_is_rejected" time="0.001" /><testcase classname="tests.s2.test_lowtail_qe" name="test_input_parse_spin_labels_and_flags" time="0.002" /><testcase classname="tests.s2.test_lowtail_qe" name="test_clock_tokens[31m33.31s-1893.31-0.01]" time="0.001" /><testcase classname="tests.s2.test_lowtail_qe" name="test_clock_tokens[7h47m-28020.0-60.0]" time="0.001" /><testcase classname="tests.s2.test_lowtail_qe" name="test_clock_tokens[1d10h27m-124020.0-60.0]" time="0.003" /><testcase classname="tests.s2.test_lowtail_qe" name="test_clock_tokens[55.14s-55.14-0.01]" time="0.001" /><testcase classname="tests.s2.test_lowtail_qe" name="test_relax_descriptors_and_final_coordinates" time="0.001" /><testcase classname="tests.s2.test_lowtail_qe" name="test_real_winner_O_forces_equal_the_stored_audit" time="0.097" /><testcase classname="tests.s2.test_lowtail_readout" name="test_both_starts_reconstructed" time="0.103" /><testcase classname="tests.s2.test_lowtail_readout" name="test_both_starts_unreconstructed" time="0.057" /><testcase classname="tests.s2.test_lowtail_readout" name="test_two_local_basins_energy_order[-500.1--500.0-LIFTED_LOWER]" time="0.046" /><testcase classname="tests.s2.test_lowtail_readout" name="test_two_local_basins_energy_order[-500.0--500.1-UNLIFTED_LOWER]" time="0.058" /><testcase classname="tests.s2.test_lowtail_readout" name="test_two_local_basins_energy_order[-500.0--500.02-ORDER_WITHIN_SPIN_START_SPREAD]" time="0.046" /><testcase classname="tests.s2.test_lowtail_readout" name="test_crossed_and_magnetization_flag" time="0.045" /><testcase classname="tests.s2.test_lowtail_readout" name="test_mixed_and_off_site_are_undecided" time="0.055" /><testcase classname="tests.s2.test_lowtail_readout" name="test_slab_not_accepted_uses_flagged_mace_reference" time="0.067" /><testcase classname="tests.s2.test_lowtail_readout" name="test_leg_acceptance[None-PENDING]" time="0.051" /><testcase classname="tests.s2.test_lowtail_readout" name="test_leg_acceptance[     number of atoms/cell      =            5\n     total magnetization       =      3.00 Bohr mag/cell\n     absolute magnetization    =     5.00 Bohr mag/cell\n     iteration #   1     ecut=    80.00 Ry     beta= 0.30\n     iteration #   2     ecut=    80.00 Ry     beta= 0.30\n     iteration #   3     ecut=    80.00 Ry     beta= 0.30\n     iteration #   4     ecut=    80.00 Ry     beta= 0.30\n     iteration #   5     ecut=    80.00 Ry     beta= 0.30\n     iteration #   6     ecut=    80.00 Ry     beta= 0.30\n     iteration #   7     ecut=    80.00 Ry     beta= 0.30\n     iteration #   8     ecut=    80.00 Ry     beta= 0.30\n     iteration #   9     ecut=    80.00 Ry     beta= 0.30\n     iteration #  10     ecut=    80.00 Ry     beta= 0.30\n     iteration #  11     ecut=    80.00 Ry     beta= 0.30\n     iteration #  12     ecut=    80.00 Ry     beta= 0.30\n     iteration #  13     ecut=    80.00 Ry     beta= 0.30\n     iteration #  14     ecut=    80.00 Ry     beta= 0.30\n     iteration #  15     ecut=    80.00 Ry     beta= 0.30\n     iteration #  16     ecut=    80.00 Ry     beta= 0.30\n     iteration #  17     ecut=    80.00 Ry     beta= 0.30\n     iteration #  18     ecut=    80.00 Ry     beta= 0.30\n     iteration #  19     ecut=    80.00 Ry     beta= 0.30\n     iteration #  20     ecut=    80.00 Ry     beta= 0.30\n     iteration #  21     ecut=    80.00 Ry     beta= 0.30\n     iteration #  22     ecut=    80.00 Ry     beta= 0.30\n     iteration #  23     ecut=    80.00 Ry     beta= 0.30\n     iteration #  24     ecut=    80.00 Ry     beta= 0.30\n     iteration #  25     ecut=    80.00 Ry     beta= 0.30\n     iteration #  26     ecut=    80.00 Ry     beta= 0.30\n     iteration #  27     ecut=    80.00 Ry     beta= 0.30\n     iteration #  28     ecut=    80.00 Ry     beta= 0.30\n     iteration #  29     ecut=    80.00 Ry     beta= 0.30\n     iteration #  30     ecut=    80.00 Ry     beta= 0.30\n!    total energy              =  -500.10000000 Ry\n     convergence has been achieved in  30 iterations\n     Forces acting on atoms (cartesian axes, Ry/au):\n\n     atom    1 type  1   force =     0.00000000    0.00000000     0.05000000\n     atom    2 type  1   force =     0.00000000    0.00000000     0.05000000\n     atom    3 type  1   force =     0.00000000    0.00000000     0.05000000\n     atom    4 type  1   force =     0.00000000    0.00000000     0.05000000\n     atom    5 type  1   force =     0.00000000    0.00000000     0.05000000\n\n     Total force =     0.1\n     iteration #   1     ecut=    80.00 Ry     beta= 0.30\n     iteration #   2     ecut=    80.00 Ry     beta= 0.30\n     iteration #   3     ecut=    80.00 Ry     beta= 0.30\n     iteration #   4     ecut=    80.00 Ry     beta= 0.30\n     iteration #   5     ecut=    80.00 Ry     beta= 0.30\n     iteration #   6     ecut=    80.00 Ry     beta= 0.30\n     iteration #   7     ecut=    80.00 Ry     beta= 0.30\n     iteration #   8     ecut=    80.00 Ry     beta= 0.30\n     iteration #   9     ecut=    80.00 Ry     beta= 0.30\n     iteration #  10     ecut=    80.00 Ry     beta= 0.30\n     iteration #  11     ecut=    80.00 Ry     beta= 0.30\n     iteration #  12     ecut=    80.00 Ry     beta= 0.30\n!    total energy              =  -500.00000000 Ry\n     convergence has been achieved in  12 iterations\n     Forces acting on atoms (cartesian axes, Ry/au):\n\n     atom    1 type  1   force =     0.00000000    0.00000000     0.00050000\n     atom    2 type  1   force =     0.00000000    0.00000000     0.00050000\n     atom    3 type  1   force =     0.00000000    0.00000000     0.00050000\n     atom    4 type  1   force =     0.00000000    0.00000000     0.00050000\n     atom    5 type  1   force =     0.00000000    0.00000000     0.00050000\n\n     Total force =     0.001\n     bfgs converged in   2 scf cycles and   1 bfgs steps\n     End of BFGS Geometry Optimization\n     Final energy             =  -500.0000000000 Ry\nBegin final coordinates\n\nATOMIC_POSITIONS (angstrom)\nMn  2.0000000000  2.0000000000  5.0000000000    0   0   0\nO  5.0000000000  5.0000000000  6.2000000000\nCr  5.0000000000  5.0000000000  8.8000000000\nO  7.0000000000  5.0000000000  8.0000000000\nO  5.0000000000  5.0000000000  10.3900000000\nEnd final coordinates\n     PWSCF        :     10.00s CPU     11.00s WALL\n\nNote: The following floating-point exceptions are signalling: IEEE_UNDERFLOW_FLAG IEEE_DENORMAL\nNote: The following floating-point exceptions are signalling: IEEE_UNDERFLOW_FLAG IEEE_DENORMAL\nNote: The following floating-point exceptions are signalling: IEEE_UNDERFLOW_FLAG IEEE_DENORMAL\n-PENDING]" time="0.071" /><testcase classname="tests.s2.test_lowtail_readout" name="test_leg_acceptance[     number of atoms/cell      =            5\n     total magnetization       =      3.00 Bohr mag/cell\n     absolute magnetization    =     5.00 Bohr mag/cell\n     iteration #   1     ecut=    80.00 Ry     beta= 0.30\n     iteration #   2     ecut=    80.00 Ry     beta= 0.30\n     iteration #   3     ecut=    80.00 Ry     beta= 0.30\n     iteration #   4     ecut=    80.00 Ry     beta= 0.30\n     iteration #   5     ecut=    80.00 Ry     beta= 0.30\n     iteration #   6     ecut=    80.00 Ry     beta= 0.30\n     iteration #   7     ecut=    80.00 Ry     beta= 0.30\n     iteration #   8     ecut=    80.00 Ry     beta= 0.30\n     iteration #   9     ecut=    80.00 Ry     beta= 0.30\n     iteration #  10     ecut=    80.00 Ry     beta= 0.30\n     iteration #  11     ecut=    80.00 Ry     beta= 0.30\n     iteration #  12     ecut=    80.00 Ry     beta= 0.30\n     iteration #  13     ecut=    80.00 Ry     beta= 0.30\n     iteration #  14     ecut=    80.00 Ry     beta= 0.30\n     iteration #  15     ecut=    80.00 Ry     beta= 0.30\n     iteration #  16     ecut=    80.00 Ry     beta= 0.30\n     iteration #  17     ecut=    80.00 Ry     beta= 0.30\n     iteration #  18     ecut=    80.00 Ry     beta= 0.30\n     iteration #  19     ecut=    80.00 Ry     beta= 0.30\n     iteration #  20     ecut=    80.00 Ry     beta= 0.30\n     iteration #  21     ecut=    80.00 Ry     beta= 0.30\n     iteration #  22     ecut=    80.00 Ry     beta= 0.30\n     iteration #  23     ecut=    80.00 Ry     beta= 0.30\n     iteration #  24     ecut=    80.00 Ry     beta= 0.30\n     iteration #  25     ecut=    80.00 Ry     beta= 0.30\n     iteration #  26     ecut=    80.00 Ry     beta= 0.30\n     iteration #  27     ecut=    80.00 Ry     beta= 0.30\n     iteration #  28     ecut=    80.00 Ry     beta= 0.30\n     iteration #  29     ecut=    80.00 Ry     beta= 0.30\n     iteration #  30     ecut=    80.00 Ry     beta= 0.30\n!    total energy              =  -500.10000000 Ry\n     convergence has been achieved in  30 iterations\n     Forces acting on atoms (cartesian axes, Ry/au):\n\n     atom    1 type  1   force =     0.00000000    0.00000000     0.05000000\n     atom    2 type  1   force =     0.00000000    0.00000000     0.05000000\n     atom    3 type  1   force =     0.00000000    0.00000000     0.05000000\n     atom    4 type  1   force =     0.00000000    0.00000000     0.05000000\n     atom    5 type  1   force =     0.00000000    0.00000000     0.05000000\n\n     Total force =     0.1\n     iteration #   1     ecut=    80.00 Ry     beta= 0.30\n     iteration #   2     ecut=    80.00 Ry     beta= 0.30\n     iteration #   3     ecut=    80.00 Ry     beta= 0.30\n     iteration #   4     ecut=    80.00 Ry     beta= 0.30\n     iteration #   5     ecut=    80.00 Ry     beta= 0.30\n     iteration #   6     ecut=    80.00 Ry     beta= 0.30\n     iteration #   7     ecut=    80.00 Ry     beta= 0.30\n     iteration #   8     ecut=    80.00 Ry     beta= 0.30\n     iteration #   9     ecut=    80.00 Ry     beta= 0.30\n     iteration #  10     ecut=    80.00 Ry     beta= 0.30\n     iteration #  11     ecut=    80.00 Ry     beta= 0.30\n     iteration #  12     ecut=    80.00 Ry     beta= 0.30\n!    total energy              =  -500.00000000 Ry\n     convergence has been achieved in  12 iterations\n     Forces acting on atoms (cartesian axes, Ry/au):\n\n     atom    1 type  1   force =     0.00000000    0.00000000     0.00050000\n     atom    2 type  1   force =     0.00000000    0.00000000     0.00050000\n     atom    3 type  1   force =     0.00000000    0.00000000     0.00050000\n     atom    4 type  1   force =     0.00000000    0.00000000     0.00050000\n     atom    5 type  1   force =     0.00000000    0.00000000     0.00050000\n\n     Total force =     0.001\n     bfgs converged in   2 scf cycles and   1 bfgs steps\n     End of BFGS Geometry Optimization\n     Final energy             =  -500.0000000000 Ry\nBegin final coordinates\n\nATOMIC_POSITIONS (angstrom)\nMn  2.0000000000  2.0000000000  5.0000000000    0   0   0\nO  5.0000000000  5.0000000000  6.2000000000\nCr  5.0000000000  5.0000000000  8.8000000000\nO  7.0000000000  5.0000000000  8.0000000000\nO  5.0000000000  5.0000000000  10.3900000000\nEnd final coordinates\n     PWSCF        :     10.00s CPU     11.00s WALL\n     convergence NOT achieved after 300 iterations: stopping\n   JOB DONE.\nNote: The following floating-point exceptions are signalling: IEEE_UNDERFLOW_FLAG IEEE_DENORMAL\nNote: The following floating-point exceptions are signalling: IEEE_UNDERFLOW_FLAG IEEE_DENORMAL\nNote: The following floating-point exceptions are signalling: IEEE_UNDERFLOW_FLAG IEEE_DENORMAL\n-NOT CONVERGED]" time="0.043" /><testcase classname="tests.s2.test_lowtail_readout" name="test_leg_acceptance[     number of atoms/cell      =            5\n     total magnetization       =      3.00 Bohr mag/cell\n     absolute magnetization    =     5.00 Bohr mag/cell\n     iteration #   1     ecut=    80.00 Ry     beta= 0.30\n     iteration #   2     ecut=    80.00 Ry     beta= 0.30\n     iteration #   3     ecut=    80.00 Ry     beta= 0.30\n     iteration #   4     ecut=    80.00 Ry     beta= 0.30\n     iteration #   5     ecut=    80.00 Ry     beta= 0.30\n     iteration #   6     ecut=    80.00 Ry     beta= 0.30\n     iteration #   7     ecut=    80.00 Ry     beta= 0.30\n     iteration #   8     ecut=    80.00 Ry     beta= 0.30\n     iteration #   9     ecut=    80.00 Ry     beta= 0.30\n     iteration #  10     ecut=    80.00 Ry     beta= 0.30\n     iteration #  11     ecut=    80.00 Ry     beta= 0.30\n     iteration #  12     ecut=    80.00 Ry     beta= 0.30\n     iteration #  13     ecut=    80.00 Ry     beta= 0.30\n     iteration #  14     ecut=    80.00 Ry     beta= 0.30\n     iteration #  15     ecut=    80.00 Ry     beta= 0.30\n     iteration #  16     ecut=    80.00 Ry     beta= 0.30\n     iteration #  17     ecut=    80.00 Ry     beta= 0.30\n     iteration #  18     ecut=    80.00 Ry     beta= 0.30\n     iteration #  19     ecut=    80.00 Ry     beta= 0.30\n     iteration #  20     ecut=    80.00 Ry     beta= 0.30\n     iteration #  21     ecut=    80.00 Ry     beta= 0.30\n     iteration #  22     ecut=    80.00 Ry     beta= 0.30\n     iteration #  23     ecut=    80.00 Ry     beta= 0.30\n     iteration #  24     ecut=    80.00 Ry     beta= 0.30\n     iteration #  25     ecut=    80.00 Ry     beta= 0.30\n     iteration #  26     ecut=    80.00 Ry     beta= 0.30\n     iteration #  27     ecut=    80.00 Ry     beta= 0.30\n     iteration #  28     ecut=    80.00 Ry     beta= 0.30\n     iteration #  29     ecut=    80.00 Ry     beta= 0.30\n     iteration #  30     ecut=    80.00 Ry     beta= 0.30\n!    total energy              =  -500.10000000 Ry\n     convergence has been achieved in  30 iterations\n     Forces acting on atoms (cartesian axes, Ry/au):\n\n     atom    1 type  1   force =     0.00000000    0.00000000     0.05000000\n     atom    2 type  1   force =     0.00000000    0.00000000     0.05000000\n     atom    3 type  1   force =     0.00000000    0.00000000     0.05000000\n     atom    4 type  1   force =     0.00000000    0.00000000     0.05000000\n     atom    5 type  1   force =     0.00000000    0.00000000     0.05000000\n\n     Total force =     0.1\n     iteration #   1     ecut=    80.00 Ry     beta= 0.30\n     iteration #   2     ecut=    80.00 Ry     beta= 0.30\n     iteration #   3     ecut=    80.00 Ry     beta= 0.30\n     iteration #   4     ecut=    80.00 Ry     beta= 0.30\n     iteration #   5     ecut=    80.00 Ry     beta= 0.30\n     iteration #   6     ecut=    80.00 Ry     beta= 0.30\n     iteration #   7     ecut=    80.00 Ry     beta= 0.30\n     iteration #   8     ecut=    80.00 Ry     beta= 0.30\n     iteration #   9     ecut=    80.00 Ry     beta= 0.30\n     iteration #  10     ecut=    80.00 Ry     beta= 0.30\n     iteration #  11     ecut=    80.00 Ry     beta= 0.30\n     iteration #  12     ecut=    80.00 Ry     beta= 0.30\n!    total energy              =  -500.00000000 Ry\n     convergence has been achieved in  12 iterations\n     Forces acting on atoms (cartesian axes, Ry/au):\n\n     atom    1 type  1   force =     0.00000000    0.00000000     0.00050000\n     atom    2 type  1   force =     0.00000000    0.00000000     0.00050000\n     atom    3 type  1   force =     0.00000000    0.00000000     0.00050000\n     atom    4 type  1   force =     0.00000000    0.00000000     0.00050000\n     atom    5 type  1   force =     0.00000000    0.00000000     0.00050000\n\n     Total force =     0.001\n     bfgs converged in   2 scf cycles and   1 bfgs steps\n     End of BFGS Geometry Optimization\n     Final energy             =  -500.0000000000 Ry\nBegin final coordinates\n\nATOMIC_POSITIONS (angstrom)\nMn  2.0000000000  2.0000000000  5.0000000000    0   0   0\nO  5.0000000000  5.0000000000  6.2000000000\nCr  5.0000000000  5.0000000000  8.8000000000\nO  7.0000000000  5.0000000000  8.0000000000\nO  5.0000000000  5.0000000000  10.3900000000\nEnd final coordinates\n     PWSCF        :     10.00s CPU     11.00s WALL\n     The maximum number of steps has been reached.\n   JOB DONE.\nNote: The following floating-point exceptions are signalling: IEEE_UNDERFLOW_FLAG IEEE_DENORMAL\nNote: The following floating-point exceptions are signalling: IEEE_UNDERFLOW_FLAG IEEE_DENORMAL\nNote: The following floating-point exceptions are signalling: IEEE_UNDERFLOW_FLAG IEEE_DENORMAL\n-NOT CONVERGED]" time="0.045" /><testcase classname="tests.s2.test_lowtail_readout" name="test_leg_acceptance[     number of atoms/cell      =            5\n     total magnetization       =      3.00 Bohr mag/cell\n     absolute magnetization    =     5.00 Bohr mag/cell\n     iteration #   1     ecut=    80.00 Ry     beta= 0.30\n     iteration #   2     ecut=    80.00 Ry     beta= 0.30\n     iteration #   3     ecut=    80.00 Ry     beta= 0.30\n     iteration #   4     ecut=    80.00 Ry     beta= 0.30\n     iteration #   5     ecut=    80.00 Ry     beta= 0.30\n     iteration #   6     ecut=    80.00 Ry     beta= 0.30\n     iteration #   7     ecut=    80.00 Ry     beta= 0.30\n     iteration #   8     ecut=    80.00 Ry     beta= 0.30\n     iteration #   9     ecut=    80.00 Ry     beta= 0.30\n     iteration #  10     ecut=    80.00 Ry     beta= 0.30\n     iteration #  11     ecut=    80.00 Ry     beta= 0.30\n     iteration #  12     ecut=    80.00 Ry     beta= 0.30\n     iteration #  13     ecut=    80.00 Ry     beta= 0.30\n     iteration #  14     ecut=    80.00 Ry     beta= 0.30\n     iteration #  15     ecut=    80.00 Ry     beta= 0.30\n     iteration #  16     ecut=    80.00 Ry     beta= 0.30\n     iteration #  17     ecut=    80.00 Ry     beta= 0.30\n     iteration #  18     ecut=    80.00 Ry     beta= 0.30\n     iteration #  19     ecut=    80.00 Ry     beta= 0.30\n     iteration #  20     ecut=    80.00 Ry     beta= 0.30\n     iteration #  21     ecut=    80.00 Ry     beta= 0.30\n     iteration #  22     ecut=    80.00 Ry     beta= 0.30\n     iteration #  23     ecut=    80.00 Ry     beta= 0.30\n     iteration #  24     ecut=    80.00 Ry     beta= 0.30\n     iteration #  25     ecut=    80.00 Ry     beta= 0.30\n     iteration #  26     ecut=    80.00 Ry     beta= 0.30\n     iteration #  27     ecut=    80.00 Ry     beta= 0.30\n     iteration #  28     ecut=    80.00 Ry     beta= 0.30\n     iteration #  29     ecut=    80.00 Ry     beta= 0.30\n     iteration #  30     ecut=    80.00 Ry     beta= 0.30\n!    total energy              =  -500.10000000 Ry\n     convergence has been achieved in  30 iterations\n     Forces acting on atoms (cartesian axes, Ry/au):\n\n     atom    1 type  1   force =     0.00000000    0.00000000     0.05000000\n     atom    2 type  1   force =     0.00000000    0.00000000     0.05000000\n     atom    3 type  1   force =     0.00000000    0.00000000     0.05000000\n     atom    4 type  1   force =     0.00000000    0.00000000     0.05000000\n     atom    5 type  1   force =     0.00000000    0.00000000     0.05000000\n\n     Total force =     0.1\n     iteration #   1     ecut=    80.00 Ry     beta= 0.30\n     iteration #   2     ecut=    80.00 Ry     beta= 0.30\n     iteration #   3     ecut=    80.00 Ry     beta= 0.30\n     iteration #   4     ecut=    80.00 Ry     beta= 0.30\n     iteration #   5     ecut=    80.00 Ry     beta= 0.30\n     iteration #   6     ecut=    80.00 Ry     beta= 0.30\n     iteration #   7     ecut=    80.00 Ry     beta= 0.30\n     iteration #   8     ecut=    80.00 Ry     beta= 0.30\n     iteration #   9     ecut=    80.00 Ry     beta= 0.30\n     iteration #  10     ecut=    80.00 Ry     beta= 0.30\n     iteration #  11     ecut=    80.00 Ry     beta= 0.30\n     iteration #  12     ecut=    80.00 Ry     beta= 0.30\n!    total energy              =  -500.00000000 Ry\n     convergence has been achieved in  12 iterations\n     Forces acting on atoms (cartesian axes, Ry/au):\n\n     atom    1 type  1   force =     0.00000000    0.00000000     0.00050000\n     atom    2 type  1   force =     0.00000000    0.00000000     0.00050000\n     atom    3 type  1   force =     0.00000000    0.00000000     0.00050000\n     atom    4 type  1   force =     0.00000000    0.00000000     0.00050000\n     atom    5 type  1   force =     0.00000000    0.00000000     0.00050000\n\n     Total force =     0.001\n     bfgs converged in   2 scf cycles and   1 bfgs steps\n     End of BFGS Geometry Optimization\n     Final energy             =  -500.0000000000 Ry\nBegin final coordinates\n\nATOMIC_POSITIONS (angstrom)\nMn  2.0000000000  2.0000000000  5.0000000000    0   0   0\nO  5.0000000000  5.0000000000  6.2000000000\nCr  5.0000000000  5.0000000000  8.8000000000\nO  7.0000000000  5.0000000000  8.0000000000\nO  5.0000000000  5.0000000000  10.3900000000\nEnd final coordinates\n     PWSCF        :     10.00s CPU     11.00s WALL\nNote: The following floating-point exceptions are signalling: IEEE_INVALID_FLAG\n   JOB DONE.\nNote: The following floating-point exceptions are signalling: IEEE_UNDERFLOW_FLAG IEEE_DENORMAL\nNote: The following floating-point exceptions are signalling: IEEE_UNDERFLOW_FLAG IEEE_DENORMAL\nNote: The following floating-point exceptions are signalling: IEEE_UNDERFLOW_FLAG IEEE_DENORMAL\n-REJECTED]" time="0.067" /><testcase classname="tests.s2.test_lowtail_readout" name="test_leg_acceptance[     number of atoms/cell      =            5\n     total magnetization       =      3.00 Bohr mag/cell\n     absolute magnetization    =     5.00 Bohr mag/cell\n     iteration #   1     ecut=    80.00 Ry     beta= 0.30\n     iteration #   2     ecut=    80.00 Ry     beta= 0.30\n     iteration #   3     ecut=    80.00 Ry     beta= 0.30\n     iteration #   4     ecut=    80.00 Ry     beta= 0.30\n     iteration #   5     ecut=    80.00 Ry     beta= 0.30\n     iteration #   6     ecut=    80.00 Ry     beta= 0.30\n     iteration #   7     ecut=    80.00 Ry     beta= 0.30\n     iteration #   8     ecut=    80.00 Ry     beta= 0.30\n     iteration #   9     ecut=    80.00 Ry     beta= 0.30\n     iteration #  10     ecut=    80.00 Ry     beta= 0.30\n     iteration #  11     ecut=    80.00 Ry     beta= 0.30\n     iteration #  12     ecut=    80.00 Ry     beta= 0.30\n     iteration #  13     ecut=    80.00 Ry     beta= 0.30\n     iteration #  14     ecut=    80.00 Ry     beta= 0.30\n     iteration #  15     ecut=    80.00 Ry     beta= 0.30\n     iteration #  16     ecut=    80.00 Ry     beta= 0.30\n     iteration #  17     ecut=    80.00 Ry     beta= 0.30\n     iteration #  18     ecut=    80.00 Ry     beta= 0.30\n     iteration #  19     ecut=    80.00 Ry     beta= 0.30\n     iteration #  20     ecut=    80.00 Ry     beta= 0.30\n     iteration #  21     ecut=    80.00 Ry     beta= 0.30\n     iteration #  22     ecut=    80.00 Ry     beta= 0.30\n     iteration #  23     ecut=    80.00 Ry     beta= 0.30\n     iteration #  24     ecut=    80.00 Ry     beta= 0.30\n     iteration #  25     ecut=    80.00 Ry     beta= 0.30\n     iteration #  26     ecut=    80.00 Ry     beta= 0.30\n     iteration #  27     ecut=    80.00 Ry     beta= 0.30\n     iteration #  28     ecut=    80.00 Ry     beta= 0.30\n     iteration #  29     ecut=    80.00 Ry     beta= 0.30\n     iteration #  30     ecut=    80.00 Ry     beta= 0.30\n!    total energy              =  -500.10000000 Ry\n     convergence has been achieved in  30 iterations\n     Forces acting on atoms (cartesian axes, Ry/au):\n\n     atom    1 type  1   force =     0.00000000    0.00000000     0.05000000\n     atom    2 type  1   force =     0.00000000    0.00000000     0.05000000\n     atom    3 type  1   force =     0.00000000    0.00000000     0.05000000\n     atom    4 type  1   force =     0.00000000    0.00000000     0.05000000\n     atom    5 type  1   force =     0.00000000    0.00000000     0.05000000\n\n     Total force =     0.1\n     iteration #   1     ecut=    80.00 Ry     beta= 0.30\n     iteration #   2     ecut=    80.00 Ry     beta= 0.30\n     iteration #   3     ecut=    80.00 Ry     beta= 0.30\n     iteration #   4     ecut=    80.00 Ry     beta= 0.30\n     iteration #   5     ecut=    80.00 Ry     beta= 0.30\n     iteration #   6     ecut=    80.00 Ry     beta= 0.30\n     iteration #   7     ecut=    80.00 Ry     beta= 0.30\n     iteration #   8     ecut=    80.00 Ry     beta= 0.30\n     iteration #   9     ecut=    80.00 Ry     beta= 0.30\n     iteration #  10     ecut=    80.00 Ry     beta= 0.30\n     iteration #  11     ecut=    80.00 Ry     beta= 0.30\n     iteration #  12     ecut=    80.00 Ry     beta= 0.30\n!    total energy              =  -500.00000000 Ry\n     convergence has been achieved in  12 iterations\n     Forces acting on atoms (cartesian axes, Ry/au):\n\n     atom    1 type  1   force =     0.00000000    0.00000000     0.00050000\n     atom    2 type  1   force =     0.00000000    0.00000000     0.00050000\n     atom    3 type  1   force =     0.00000000    0.00000000     0.00050000\n     atom    4 type  1   force =     0.00000000    0.00000000     0.00050000\n     atom    5 type  1   force =     0.00000000    0.00000000     0.00050000\n\n     Total force =     0.001\n     bfgs converged in   2 scf cycles and   1 bfgs steps\n     End of BFGS Geometry Optimization\n     Final energy             =  -500.0000000000 Ry\nBegin final coordinates\n\nATOMIC_POSITIONS (angstrom)\nMn  2.0000000000  2.0000000000  5.0000000000    0   0   0\nO  5.0000000000  5.0000000000  6.2000000000\nCr  5.0000000000  5.0000000000  8.8000000000\nO  7.0000000000  5.0000000000  8.0000000000\nO  5.0000000000  5.0000000000  10.3900000000\nEnd final coordinates\n     PWSCF        :     10.00s CPU     11.00s WALL\n\n   JOB DONE.\nNote: The following floating-point exceptions are signalling: IEEE_INVALID_FLAG IEEE_DENORMAL\nNote: The following floating-point exceptions are signalling: IEEE_INVALID_FLAG IEEE_DENORMAL\nNote: The following floating-point exceptions are signalling: IEEE_INVALID_FLAG IEEE_DENORMAL\n-REJECTED]" time="0.071" /><testcase classname="tests.s2.test_lowtail_readout" name="test_leg_acceptance[     number of atoms/cell      =            5\n     total magnetization       =      3.00 Bohr mag/cell\n     absolute magnetization    =     5.00 Bohr mag/cell\n     iteration #   1     ecut=    80.00 Ry     beta= 0.30\n     iteration #   2     ecut=    80.00 Ry     beta= 0.30\n     iteration #   3     ecut=    80.00 Ry     beta= 0.30\n     iteration #   4     ecut=    80.00 Ry     beta= 0.30\n     iteration #   5     ecut=    80.00 Ry     beta= 0.30\n     iteration #   6     ecut=    80.00 Ry     beta= 0.30\n     iteration #   7     ecut=    80.00 Ry     beta= 0.30\n     iteration #   8     ecut=    80.00 Ry     beta= 0.30\n     iteration #   9     ecut=    80.00 Ry     beta= 0.30\n     iteration #  10     ecut=    80.00 Ry     beta= 0.30\n     iteration #  11     ecut=    80.00 Ry     beta= 0.30\n     iteration #  12     ecut=    80.00 Ry     beta= 0.30\n     iteration #  13     ecut=    80.00 Ry     beta= 0.30\n     iteration #  14     ecut=    80.00 Ry     beta= 0.30\n     iteration #  15     ecut=    80.00 Ry     beta= 0.30\n     iteration #  16     ecut=    80.00 Ry     beta= 0.30\n     iteration #  17     ecut=    80.00 Ry     beta= 0.30\n     iteration #  18     ecut=    80.00 Ry     beta= 0.30\n     iteration #  19     ecut=    80.00 Ry     beta= 0.30\n     iteration #  20     ecut=    80.00 Ry     beta= 0.30\n     iteration #  21     ecut=    80.00 Ry     beta= 0.30\n     iteration #  22     ecut=    80.00 Ry     beta= 0.30\n     iteration #  23     ecut=    80.00 Ry     beta= 0.30\n     iteration #  24     ecut=    80.00 Ry     beta= 0.30\n     iteration #  25     ecut=    80.00 Ry     beta= 0.30\n     iteration #  26     ecut=    80.00 Ry     beta= 0.30\n     iteration #  27     ecut=    80.00 Ry     beta= 0.30\n     iteration #  28     ecut=    80.00 Ry     beta= 0.30\n     iteration #  29     ecut=    80.00 Ry     beta= 0.30\n     iteration #  30     ecut=    80.00 Ry     beta= 0.30\n!    total energy              =  -500.10000000 Ry\n     convergence has been achieved in  30 iterations\n     Forces acting on atoms (cartesian axes, Ry/au):\n\n     atom    1 type  1   force =     0.00000000    0.00000000     0.05000000\n     atom    2 type  1   force =     0.00000000    0.00000000     0.05000000\n     atom    3 type  1   force =     0.00000000    0.00000000     0.05000000\n     atom    4 type  1   force =     0.00000000    0.00000000     0.05000000\n     atom    5 type  1   force =     0.00000000    0.00000000     0.05000000\n\n     Total force =     0.1\n     iteration #   1     ecut=    80.00 Ry     beta= 0.30\n     iteration #   2     ecut=    80.00 Ry     beta= 0.30\n     iteration #   3     ecut=    80.00 Ry     beta= 0.30\n     iteration #   4     ecut=    80.00 Ry     beta= 0.30\n     iteration #   5     ecut=    80.00 Ry     beta= 0.30\n     iteration #   6     ecut=    80.00 Ry     beta= 0.30\n     iteration #   7     ecut=    80.00 Ry     beta= 0.30\n     iteration #   8     ecut=    80.00 Ry     beta= 0.30\n     iteration #   9     ecut=    80.00 Ry     beta= 0.30\n     iteration #  10     ecut=    80.00 Ry     beta= 0.30\n     iteration #  11     ecut=    80.00 Ry     beta= 0.30\n     iteration #  12     ecut=    80.00 Ry     beta= 0.30\n!    total energy              =  -500.00000000 Ry\n     convergence has been achieved in  12 iterations\n     Forces acting on atoms (cartesian axes, Ry/au):\n\n     atom    1 type  1   force =     0.00000000    0.00000000     0.00050000\n     atom    2 type  1   force =     0.00000000    0.00000000     0.00050000\n     atom    3 type  1   force =     0.00000000    0.00000000     0.00050000\n     atom    4 type  1   force =     0.00000000    0.00000000     0.00050000\n     atom    5 type  1   force =     0.00000000    0.00000000     0.00050000\n\n     Total force =     0.001\n     bfgs converged in   2 scf cycles and   1 bfgs steps\n     End of BFGS Geometry Optimization\n     Final energy             =  -500.0000000000 Ry\nBegin final coordinates\n\nATOMIC_POSITIONS (angstrom)\nMn  2.0000000000  2.0000000000  5.0000000000    0   0   0\nO  5.0000000000  5.0000000000  6.2000000000\nCr  5.0000000000  5.0000000000  8.8000000000\nO  7.0000000000  5.0000000000  8.0000000000\nO  5.0000000000  5.0000000000  10.3900000000\nEnd final coordinates\n     PWSCF        :     10.00s CPU     11.00s WALL\nProgram received signal SIGFPE: Floating-point exception - erroneous arithmetic operation.\n   JOB DONE.\nNote: The following floating-point exceptions are signalling: IEEE_UNDERFLOW_FLAG IEEE_DENORMAL\nNote: The following floating-point exceptions are signalling: IEEE_UNDERFLOW_FLAG IEEE_DENORMAL\nNote: The following floating-point exceptions are signalling: IEEE_UNDERFLOW_FLAG IEEE_DENORMAL\n-REJECTED]" time="0.054" /><testcase classname="tests.s2.test_lowtail_readout" name="test_leg_acceptance[     number of atoms/cell      =            5\n     total magnetization       =      3.00 Bohr mag/cell\n     absolute magnetization    =     5.00 Bohr mag/cell\n     iteration #   1     ecut=    80.00 Ry     beta= 0.30\n     iteration #   2     ecut=    80.00 Ry     beta= 0.30\n     iteration #   3     ecut=    80.00 Ry     beta= 0.30\n     iteration #   4     ecut=    80.00 Ry     beta= 0.30\n     iteration #   5     ecut=    80.00 Ry     beta= 0.30\n     iteration #   6     ecut=    80.00 Ry     beta= 0.30\n     iteration #   7     ecut=    80.00 Ry     beta= 0.30\n     iteration #   8     ecut=    80.00 Ry     beta= 0.30\n     iteration #   9     ecut=    80.00 Ry     beta= 0.30\n     iteration #  10     ecut=    80.00 Ry     beta= 0.30\n     iteration #  11     ecut=    80.00 Ry     beta= 0.30\n     iteration #  12     ecut=    80.00 Ry     beta= 0.30\n     iteration #  13     ecut=    80.00 Ry     beta= 0.30\n     iteration #  14     ecut=    80.00 Ry     beta= 0.30\n     iteration #  15     ecut=    80.00 Ry     beta= 0.30\n     iteration #  16     ecut=    80.00 Ry     beta= 0.30\n     iteration #  17     ecut=    80.00 Ry     beta= 0.30\n     iteration #  18     ecut=    80.00 Ry     beta= 0.30\n     iteration #  19     ecut=    80.00 Ry     beta= 0.30\n     iteration #  20     ecut=    80.00 Ry     beta= 0.30\n     iteration #  21     ecut=    80.00 Ry     beta= 0.30\n     iteration #  22     ecut=    80.00 Ry     beta= 0.30\n     iteration #  23     ecut=    80.00 Ry     beta= 0.30\n     iteration #  24     ecut=    80.00 Ry     beta= 0.30\n     iteration #  25     ecut=    80.00 Ry     beta= 0.30\n     iteration #  26     ecut=    80.00 Ry     beta= 0.30\n     iteration #  27     ecut=    80.00 Ry     beta= 0.30\n     iteration #  28     ecut=    80.00 Ry     beta= 0.30\n     iteration #  29     ecut=    80.00 Ry     beta= 0.30\n     iteration #  30     ecut=    80.00 Ry     beta= 0.30\n     iteration #  31     ecut=    80.00 Ry     beta= 0.30\n     iteration #  32     ecut=    80.00 Ry     beta= 0.30\n     iteration #  33     ecut=    80.00 Ry     beta= 0.30\n     iteration #  34     ecut=    80.00 Ry     beta= 0.30\n     iteration #  35     ecut=    80.00 Ry     beta= 0.30\n     iteration #  36     ecut=    80.00 Ry     beta= 0.30\n     iteration #  37     ecut=    80.00 Ry     beta= 0.30\n     iteration #  38     ecut=    80.00 Ry     beta= 0.30\n     iteration #  39     ecut=    80.00 Ry     beta= 0.30\n     iteration #  40     ecut=    80.00 Ry     beta= 0.30\n     iteration #  41     ecut=    80.00 Ry     beta= 0.30\n     iteration #  42     ecut=    80.00 Ry     beta= 0.30\n     iteration #  43     ecut=    80.00 Ry     beta= 0.30\n     iteration #  44     ecut=    80.00 Ry     beta= 0.30\n     iteration #  45     ecut=    80.00 Ry     beta= 0.30\n     iteration #  46     ecut=    80.00 Ry     beta= 0.30\n     iteration #  47     ecut=    80.00 Ry     beta= 0.30\n     iteration #  48     ecut=    80.00 Ry     beta= 0.30\n     iteration #  49     ecut=    80.00 Ry     beta= 0.30\n     iteration #  50     ecut=    80.00 Ry     beta= 0.30\n     iteration #  51     ecut=    80.00 Ry     beta= 0.30\n     iteration #  52     ecut=    80.00 Ry     beta= 0.30\n     iteration #  53     ecut=    80.00 Ry     beta= 0.30\n     iteration #  54     ecut=    80.00 Ry     beta= 0.30\n     iteration #  55     ecut=    80.00 Ry     beta= 0.30\n     iteration #  56     ecut=    80.00 Ry     beta= 0.30\n     iteration #  57     ecut=    80.00 Ry     beta= 0.30\n     iteration #  58     ecut=    80.00 Ry     beta= 0.30\n     iteration #  59     ecut=    80.00 Ry     beta= 0.30\n     iteration #  60     ecut=    80.00 Ry     beta= 0.30\n     iteration #  61     ecut=    80.00 Ry     beta= 0.30\n     iteration #  62     ecut=    80.00 Ry     beta= 0.30\n     iteration #  63     ecut=    80.00 Ry     beta= 0.30\n     iteration #  64     ecut=    80.00 Ry     beta= 0.30\n     iteration #  65     ecut=    80.00 Ry     beta= 0.30\n     iteration #  66     ecut=    80.00 Ry     beta= 0.30\n     iteration #  67     ecut=    80.00 Ry     beta= 0.30\n     iteration #  68     ecut=    80.00 Ry     beta= 0.30\n     iteration #  69     ecut=    80.00 Ry     beta= 0.30\n     iteration #  70     ecut=    80.00 Ry     beta= 0.30\n     iteration #  71     ecut=    80.00 Ry     beta= 0.30\n     iteration #  72     ecut=    80.00 Ry     beta= 0.30\n     iteration #  73     ecut=    80.00 Ry     beta= 0.30\n     iteration #  74     ecut=    80.00 Ry     beta= 0.30\n     iteration #  75     ecut=    80.00 Ry     beta= 0.30\n     iteration #  76     ecut=    80.00 Ry     beta= 0.30\n     iteration #  77     ecut=    80.00 Ry     beta= 0.30\n     iteration #  78     ecut=    80.00 Ry     beta= 0.30\n     iteration #  79     ecut=    80.00 Ry     beta= 0.30\n     iteration #  80     ecut=    80.00 Ry     beta= 0.30\n     iteration #  81     ecut=    80.00 Ry     beta= 0.30\n     iteration #  82     ecut=    80.00 Ry     beta= 0.30\n     iteration #  83     ecut=    80.00 Ry     beta= 0.30\n     iteration #  84     ecut=    80.00 Ry     beta= 0.30\n     iteration #  85     ecut=    80.00 Ry     beta= 0.30\n     iteration #  86     ecut=    80.00 Ry     beta= 0.30\n     iteration #  87     ecut=    80.00 Ry     beta= 0.30\n     iteration #  88     ecut=    80.00 Ry     beta= 0.30\n     iteration #  89     ecut=    80.00 Ry     beta= 0.30\n     iteration #  90     ecut=    80.00 Ry     beta= 0.30\n     iteration #  91     ecut=    80.00 Ry     beta= 0.30\n     iteration #  92     ecut=    80.00 Ry     beta= 0.30\n     iteration #  93     ecut=    80.00 Ry     beta= 0.30\n     iteration #  94     ecut=    80.00 Ry     beta= 0.30\n     iteration #  95     ecut=    80.00 Ry     beta= 0.30\n     iteration #  96     ecut=    80.00 Ry     beta= 0.30\n     iteration #  97     ecut=    80.00 Ry     beta= 0.30\n     iteration #  98     ecut=    80.00 Ry     beta= 0.30\n     iteration #  99     ecut=    80.00 Ry     beta= 0.30\n     iteration # 100     ecut=    80.00 Ry     beta= 0.30\n     iteration # 101     ecut=    80.00 Ry     beta= 0.30\n     iteration # 102     ecut=    80.00 Ry     beta= 0.30\n     iteration # 103     ecut=    80.00 Ry     beta= 0.30\n     iteration # 104     ecut=    80.00 Ry     beta= 0.30\n     iteration # 105     ecut=    80.00 Ry     beta= 0.30\n     iteration # 106     ecut=    80.00 Ry     beta= 0.30\n     iteration # 107     ecut=    80.00 Ry     beta= 0.30\n     iteration # 108     ecut=    80.00 Ry     beta= 0.30\n     iteration # 109     ecut=    80.00 Ry     beta= 0.30\n     iteration # 110     ecut=    80.00 Ry     beta= 0.30\n     iteration # 111     ecut=    80.00 Ry     beta= 0.30\n     iteration # 112     ecut=    80.00 Ry     beta= 0.30\n     iteration # 113     ecut=    80.00 Ry     beta= 0.30\n     iteration # 114     ecut=    80.00 Ry     beta= 0.30\n     iteration # 115     ecut=    80.00 Ry     beta= 0.30\n     iteration # 116     ecut=    80.00 Ry     beta= 0.30\n     iteration # 117     ecut=    80.00 Ry     beta= 0.30\n     iteration # 118     ecut=    80.00 Ry     beta= 0.30\n     iteration # 119     ecut=    80.00 Ry     beta= 0.30\n     iteration # 120     ecut=    80.00 Ry     beta= 0.30\n     iteration # 121     ecut=    80.00 Ry     beta= 0.30\n     iteration # 122     ecut=    80.00 Ry     beta= 0.30\n     iteration # 123     ecut=    80.00 Ry     beta= 0.30\n     iteration # 124     ecut=    80.00 Ry     beta= 0.30\n     iteration # 125     ecut=    80.00 Ry     beta= 0.30\n     iteration # 126     ecut=    80.00 Ry     beta= 0.30\n     iteration # 127     ecut=    80.00 Ry     beta= 0.30\n!    total energy              =  -500.10000000 Ry\n     convergence has been achieved in  127 iterations\n     Forces acting on atoms (cartesian axes, Ry/au):\n\n     atom    1 type  1   force =     0.00000000    0.00000000     0.05000000\n     atom    2 type  1   force =     0.00000000    0.00000000     0.05000000\n     atom    3 type  1   force =     0.00000000    0.00000000     0.05000000\n     atom    4 type  1   force =     0.00000000    0.00000000     0.05000000\n     atom    5 type  1   force =     0.00000000    0.00000000     0.05000000\n\n     Total force =     0.1\n     iteration #   1     ecut=    80.00 Ry     beta= 0.30\n     iteration #   2     ecut=    80.00 Ry     beta= 0.30\n     iteration #   3     ecut=    80.00 Ry     beta= 0.30\n     iteration #   4     ecut=    80.00 Ry     beta= 0.30\n     iteration #   5     ecut=    80.00 Ry     beta= 0.30\n     iteration #   6     ecut=    80.00 Ry     beta= 0.30\n     iteration #   7     ecut=    80.00 Ry     beta= 0.30\n     iteration #   8     ecut=    80.00 Ry     beta= 0.30\n     iteration #   9     ecut=    80.00 Ry     beta= 0.30\n     iteration #  10     ecut=    80.00 Ry     beta= 0.30\n     iteration #  11     ecut=    80.00 Ry     beta= 0.30\n     iteration #  12     ecut=    80.00 Ry     beta= 0.30\n!    total energy              =  -500.00000000 Ry\n     convergence has been achieved in  12 iterations\n     Forces acting on atoms (cartesian axes, Ry/au):\n\n     atom    1 type  1   force =     0.00000000    0.00000000     0.00050000\n     atom    2 type  1   force =     0.00000000    0.00000000     0.00050000\n     atom    3 type  1   force =     0.00000000    0.00000000     0.00050000\n     atom    4 type  1   force =     0.00000000    0.00000000     0.00050000\n     atom    5 type  1   force =     0.00000000    0.00000000     0.00050000\n\n     Total force =     0.001\n     bfgs converged in   2 scf cycles and   1 bfgs steps\n     End of BFGS Geometry Optimization\n     Final energy             =  -500.0000000000 Ry\nBegin final coordinates\n\nATOMIC_POSITIONS (angstrom)\nMn  2.0000000000  2.0000000000  5.0000000000    0   0   0\nO  5.0000000000  5.0000000000  6.2000000000\nCr  5.0000000000  5.0000000000  8.8000000000\nO  7.0000000000  5.0000000000  8.0000000000\nO  5.0000000000  5.0000000000  10.3900000000\nEnd final coordinates\n     PWSCF        :     10.00s CPU     11.00s WALL\n\n   JOB DONE.\nNote: The following floating-point exceptions are signalling: IEEE_UNDERFLOW_FLAG IEEE_DENORMAL\nNote: The following floating-point exceptions are signalling: IEEE_UNDERFLOW_FLAG IEEE_DENORMAL\nNote: The following floating-point exceptions are signalling: IEEE_UNDERFLOW_FLAG IEEE_DENORMAL\n-KILL_RULE_EXCEEDED]" time="0.079" /><testcase classname="tests.s2.test_lowtail_readout" name="test_leg_acceptance[     number of atoms/cell      =            5\n     total magnetization       =      3.00 Bohr mag/cell\n     absolute magnetization    =     5.00 Bohr mag/cell\n     iteration #   1     ecut=    80.00 Ry     beta= 0.30\n     iteration #   2     ecut=    80.00 Ry     beta= 0.30\n     iteration #   3     ecut=    80.00 Ry     beta= 0.30\n     iteration #   4     ecut=    80.00 Ry     beta= 0.30\n     iteration #   5     ecut=    80.00 Ry     beta= 0.30\n     iteration #   6     ecut=    80.00 Ry     beta= 0.30\n     iteration #   7     ecut=    80.00 Ry     beta= 0.30\n     iteration #   8     ecut=    80.00 Ry     beta= 0.30\n     iteration #   9     ecut=    80.00 Ry     beta= 0.30\n     iteration #  10     ecut=    80.00 Ry     beta= 0.30\n     iteration #  11     ecut=    80.00 Ry     beta= 0.30\n     iteration #  12     ecut=    80.00 Ry     beta= 0.30\n     iteration #  13     ecut=    80.00 Ry     beta= 0.30\n     iteration #  14     ecut=    80.00 Ry     beta= 0.30\n     iteration #  15     ecut=    80.00 Ry     beta= 0.30\n     iteration #  16     ecut=    80.00 Ry     beta= 0.30\n     iteration #  17     ecut=    80.00 Ry     beta= 0.30\n     iteration #  18     ecut=    80.00 Ry     beta= 0.30\n     iteration #  19     ecut=    80.00 Ry     beta= 0.30\n     iteration #  20     ecut=    80.00 Ry     beta= 0.30\n     iteration #  21     ecut=    80.00 Ry     beta= 0.30\n     iteration #  22     ecut=    80.00 Ry     beta= 0.30\n     iteration #  23     ecut=    80.00 Ry     beta= 0.30\n     iteration #  24     ecut=    80.00 Ry     beta= 0.30\n     iteration #  25     ecut=    80.00 Ry     beta= 0.30\n     iteration #  26     ecut=    80.00 Ry     beta= 0.30\n     iteration #  27     ecut=    80.00 Ry     beta= 0.30\n     iteration #  28     ecut=    80.00 Ry     beta= 0.30\n     iteration #  29     ecut=    80.00 Ry     beta= 0.30\n     iteration #  30     ecut=    80.00 Ry     beta= 0.30\n!    total energy              =  -500.10000000 Ry\n     convergence has been achieved in  30 iterations\n     Forces acting on atoms (cartesian axes, Ry/au):\n\n     atom    1 type  1   force =     0.00000000    0.00000000     0.05000000\n     atom    2 type  1   force =     0.00000000    0.00000000     0.05000000\n     atom    3 type  1   force =     0.00000000    0.00000000     0.05000000\n     atom    4 type  1   force =     0.00000000    0.00000000     0.05000000\n     atom    5 type  1   force =     0.00000000    0.00000000     0.05000000\n\n     Total force =     0.1\n     iteration #   1     ecut=    80.00 Ry     beta= 0.30\n     iteration #   2     ecut=    80.00 Ry     beta= 0.30\n     iteration #   3     ecut=    80.00 Ry     beta= 0.30\n     iteration #   4     ecut=    80.00 Ry     beta= 0.30\n     iteration #   5     ecut=    80.00 Ry     beta= 0.30\n     iteration #   6     ecut=    80.00 Ry     beta= 0.30\n     iteration #   7     ecut=    80.00 Ry     beta= 0.30\n     iteration #   8     ecut=    80.00 Ry     beta= 0.30\n     iteration #   9     ecut=    80.00 Ry     beta= 0.30\n     iteration #  10     ecut=    80.00 Ry     beta= 0.30\n     iteration #  11     ecut=    80.00 Ry     beta= 0.30\n     iteration #  12     ecut=    80.00 Ry     beta= 0.30\n!    total energy              =  -500.00000000 Ry\n     convergence has been achieved in  12 iterations\n     Forces acting on atoms (cartesian axes, Ry/au):\n\n     atom    1 type  1   force =     0.00000000    0.00000000     0.00050000\n     atom    2 type  1   force =     0.00000000    0.00000000     0.00050000\n     atom    3 type  1   force =     0.00000000    0.00000000     0.00050000\n     atom    4 type  1   force =     0.00000000    0.00000000     0.00050000\n     atom    5 type  1   force =     0.00000000    0.00000000     0.00050000\n\n     Total force =     0.001\n     bfgs converged in   2 scf cycles and   1 bfgs steps\n     End of BFGS Geometry Optimization\n     Final energy             =  -500.0000000000 Ry\nBegin final coordinates\n\nATOMIC_POSITIONS (angstrom)\nMn  2.0000000000  2.0000000000  5.0000000000    0   0   0\nO  5.0000000000  5.0000000000  6.2000000000\nCr  5.0000000000  5.0000000000  8.8000000000\nO  7.0000000000  5.0000000000  8.0000000000\nO  5.0000000000  5.0000000000  10.3900000000\nEnd final coordinates\n     PWSCF        :     10.00s CPU     5h34m WALL\n\n   JOB DONE.\nNote: The following floating-point exceptions are signalling: IEEE_UNDERFLOW_FLAG IEEE_DENORMAL\nNote: The following floating-point exceptions are signalling: IEEE_UNDERFLOW_FLAG IEEE_DENORMAL\nNote: The following floating-point exceptions are signalling: IEEE_UNDERFLOW_FLAG IEEE_DENORMAL\n-KILL_RULE_EXCEEDED]" time="0.051" /><testcase classname="tests.s2.test_lowtail_readout" name="test_leg_acceptance[     number of atoms/cell      =            5\n     total magnetization       =      3.00 Bohr mag/cell\n     absolute magnetization    =     5.00 Bohr mag/cell\n     iteration #   1     ecut=    80.00 Ry     beta= 0.30\n     iteration #   2     ecut=    80.00 Ry     beta= 0.30\n     iteration #   3     ecut=    80.00 Ry     beta= 0.30\n     iteration #   4     ecut=    80.00 Ry     beta= 0.30\n     iteration #   5     ecut=    80.00 Ry     beta= 0.30\n     iteration #   6     ecut=    80.00 Ry     beta= 0.30\n     iteration #   7     ecut=    80.00 Ry     beta= 0.30\n     iteration #   8     ecut=    80.00 Ry     beta= 0.30\n     iteration #   9     ecut=    80.00 Ry     beta= 0.30\n     iteration #  10     ecut=    80.00 Ry     beta= 0.30\n     iteration #  11     ecut=    80.00 Ry     beta= 0.30\n     iteration #  12     ecut=    80.00 Ry     beta= 0.30\n     iteration #  13     ecut=    80.00 Ry     beta= 0.30\n     iteration #  14     ecut=    80.00 Ry     beta= 0.30\n     iteration #  15     ecut=    80.00 Ry     beta= 0.30\n     iteration #  16     ecut=    80.00 Ry     beta= 0.30\n     iteration #  17     ecut=    80.00 Ry     beta= 0.30\n     iteration #  18     ecut=    80.00 Ry     beta= 0.30\n     iteration #  19     ecut=    80.00 Ry     beta= 0.30\n     iteration #  20     ecut=    80.00 Ry     beta= 0.30\n     iteration #  21     ecut=    80.00 Ry     beta= 0.30\n     iteration #  22     ecut=    80.00 Ry     beta= 0.30\n     iteration #  23     ecut=    80.00 Ry     beta= 0.30\n     iteration #  24     ecut=    80.00 Ry     beta= 0.30\n     iteration #  25     ecut=    80.00 Ry     beta= 0.30\n     iteration #  26     ecut=    80.00 Ry     beta= 0.30\n     iteration #  27     ecut=    80.00 Ry     beta= 0.30\n     iteration #  28     ecut=    80.00 Ry     beta= 0.30\n     iteration #  29     ecut=    80.00 Ry     beta= 0.30\n     iteration #  30     ecut=    80.00 Ry     beta= 0.30\n!    total energy              =  -500.10000000 Ry\n     convergence has been achieved in  30 iterations\n     Forces acting on atoms (cartesian axes, Ry/au):\n\n     atom    1 type  1   force =     0.00000000    0.00000000     0.05000000\n     atom    2 type  1   force =     0.00000000    0.00000000     0.05000000\n     atom    3 type  1   force =     0.00000000    0.00000000     0.05000000\n     atom    4 type  1   force =     0.00000000    0.00000000     0.05000000\n     atom    5 type  1   force =     0.00000000    0.00000000     0.05000000\n\n     Total force =     0.1\n     iteration #   1     ecut=    80.00 Ry     beta= 0.30\n     iteration #   2     ecut=    80.00 Ry     beta= 0.30\n     iteration #   3     ecut=    80.00 Ry     beta= 0.30\n     iteration #   4     ecut=    80.00 Ry     beta= 0.30\n     iteration #   5     ecut=    80.00 Ry     beta= 0.30\n     iteration #   6     ecut=    80.00 Ry     beta= 0.30\n     iteration #   7     ecut=    80.00 Ry     beta= 0.30\n     iteration #   8     ecut=    80.00 Ry     beta= 0.30\n     iteration #   9     ecut=    80.00 Ry     beta= 0.30\n     iteration #  10     ecut=    80.00 Ry     beta= 0.30\n     iteration #  11     ecut=    80.00 Ry     beta= 0.30\n     iteration #  12     ecut=    80.00 Ry     beta= 0.30\n!    total energy              =  -500.00000000 Ry\n     convergence has been achieved in  12 iterations\n     Forces acting on atoms (cartesian axes, Ry/au):\n\n     atom    1 type  1   force =     0.00000000    0.00000000     0.00050000\n     atom    2 type  1   force =     0.00000000    0.00000000     0.00050000\n     atom    3 type  1   force =     0.00000000    0.00000000     0.00050000\n     atom    4 type  1   force =     0.00000000    0.00000000     0.00050000\n     atom    5 type  1   force =     0.00000000    0.00000000     0.00050000\n\n     Total force =     0.001\nBegin final coordinates\n\nATOMIC_POSITIONS (angstrom)\nMn  2.0000000000  2.0000000000  5.0000000000    0   0   0\nO  5.0000000000  5.0000000000  6.2000000000\nCr  5.0000000000  5.0000000000  8.8000000000\nO  7.0000000000  5.0000000000  8.0000000000\nO  5.0000000000  5.0000000000  10.3900000000\nEnd final coordinates\n     PWSCF        :     10.00s CPU     11.00s WALL\n\n   JOB DONE.\nNote: The following floating-point exceptions are signalling: IEEE_UNDERFLOW_FLAG IEEE_DENORMAL\nNote: The following floating-point exceptions are signalling: IEEE_UNDERFLOW_FLAG IEEE_DENORMAL\nNote: The following floating-point exceptions are signalling: IEEE_UNDERFLOW_FLAG IEEE_DENORMAL\n-REJECTED]" time="0.060" /><testcase classname="tests.s2.test_lowtail_readout" name="test_leg_acceptance[     number of atoms/cell      =            5\n     total magnetization       =      3.00 Bohr mag/cell\n     absolute magnetization    =     5.00 Bohr mag/cell\n     iteration #   1     ecut=    80.00 Ry     beta= 0.30\n     iteration #   2     ecut=    80.00 Ry     beta= 0.30\n     iteration #   3     ecut=    80.00 Ry     beta= 0.30\n     iteration #   4     ecut=    80.00 Ry     beta= 0.30\n     iteration #   5     ecut=    80.00 Ry     beta= 0.30\n     iteration #   6     ecut=    80.00 Ry     beta= 0.30\n     iteration #   7     ecut=    80.00 Ry     beta= 0.30\n     iteration #   8     ecut=    80.00 Ry     beta= 0.30\n     iteration #   9     ecut=    80.00 Ry     beta= 0.30\n     iteration #  10     ecut=    80.00 Ry     beta= 0.30\n     iteration #  11     ecut=    80.00 Ry     beta= 0.30\n     iteration #  12     ecut=    80.00 Ry     beta= 0.30\n     iteration #  13     ecut=    80.00 Ry     beta= 0.30\n     iteration #  14     ecut=    80.00 Ry     beta= 0.30\n     iteration #  15     ecut=    80.00 Ry     beta= 0.30\n     iteration #  16     ecut=    80.00 Ry     beta= 0.30\n     iteration #  17     ecut=    80.00 Ry     beta= 0.30\n     iteration #  18     ecut=    80.00 Ry     beta= 0.30\n     iteration #  19     ecut=    80.00 Ry     beta= 0.30\n     iteration #  20     ecut=    80.00 Ry     beta= 0.30\n     iteration #  21     ecut=    80.00 Ry     beta= 0.30\n     iteration #  22     ecut=    80.00 Ry     beta= 0.30\n     iteration #  23     ecut=    80.00 Ry     beta= 0.30\n     iteration #  24     ecut=    80.00 Ry     beta= 0.30\n     iteration #  25     ecut=    80.00 Ry     beta= 0.30\n     iteration #  26     ecut=    80.00 Ry     beta= 0.30\n     iteration #  27     ecut=    80.00 Ry     beta= 0.30\n     iteration #  28     ecut=    80.00 Ry     beta= 0.30\n     iteration #  29     ecut=    80.00 Ry     beta= 0.30\n     iteration #  30     ecut=    80.00 Ry     beta= 0.30\n!    total energy              =  -500.10000000 Ry\n     convergence has been achieved in  30 iterations\n     Forces acting on atoms (cartesian axes, Ry/au):\n\n     atom    1 type  1   force =     0.00000000    0.00000000     0.05000000\n     atom    2 type  1   force =     0.00000000    0.00000000     0.05000000\n     atom    3 type  1   force =     0.00000000    0.00000000     0.05000000\n     atom    4 type  1   force =     0.00000000    0.00000000     0.05000000\n     atom    5 type  1   force =     0.00000000    0.00000000     0.05000000\n\n     Total force =     0.1\n     iteration #   1     ecut=    80.00 Ry     beta= 0.30\n     iteration #   2     ecut=    80.00 Ry     beta= 0.30\n     iteration #   3     ecut=    80.00 Ry     beta= 0.30\n     iteration #   4     ecut=    80.00 Ry     beta= 0.30\n     iteration #   5     ecut=    80.00 Ry     beta= 0.30\n     iteration #   6     ecut=    80.00 Ry     beta= 0.30\n     iteration #   7     ecut=    80.00 Ry     beta= 0.30\n     iteration #   8     ecut=    80.00 Ry     beta= 0.30\n     iteration #   9     ecut=    80.00 Ry     beta= 0.30\n     iteration #  10     ecut=    80.00 Ry     beta= 0.30\n     iteration #  11     ecut=    80.00 Ry     beta= 0.30\n     iteration #  12     ecut=    80.00 Ry     beta= 0.30\n!    total energy              =  -500.00000000 Ry\n     convergence has been achieved in  12 iterations\n     Forces acting on atoms (cartesian axes, Ry/au):\n\n     atom    1 type  1   force =     0.00000000    0.00000000     0.00050000\n     atom    2 type  1   force =     0.00000000    0.00000000     0.00050000\n     atom    3 type  1   force =     0.00000000    0.00000000     0.00050000\n     atom    4 type  1   force =     0.00000000    0.00000000     0.00050000\n     atom    5 type  1   force =     0.00000000    0.00000000     0.00050000\n\n     Total force =     0.001\n     bfgs converged in   2 scf cycles and   1 bfgs steps\n     End of BFGS Geometry Optimization\n     Final energy             =  -500.0000000000 Ry\n     PWSCF        :     10.00s CPU     11.00s WALL\n\n   JOB DONE.\nNote: The following floating-point exceptions are signalling: IEEE_UNDERFLOW_FLAG IEEE_DENORMAL\nNote: The following floating-point exceptions are signalling: IEEE_UNDERFLOW_FLAG IEEE_DENORMAL\nNote: The following floating-point exceptions are signalling: IEEE_UNDERFLOW_FLAG IEEE_DENORMAL\n-REJECTED_BY_READOUT]" time="0.057" /><testcase classname="tests.s2.test_lowtail_readout" name="test_leg_acceptance[     number of atoms/cell      =            5\n     total magnetization       =      3.00 Bohr mag/cell\n     absolute magnetization    =     5.00 Bohr mag/cell\n     iteration #   1     ecut=    80.00 Ry     beta= 0.30\n     iteration #   2     ecut=    80.00 Ry     beta= 0.30\n     iteration #   3     ecut=    80.00 Ry     beta= 0.30\n     iteration #   4     ecut=    80.00 Ry     beta= 0.30\n     iteration #   5     ecut=    80.00 Ry     beta= 0.30\n     iteration #   6     ecut=    80.00 Ry     beta= 0.30\n     iteration #   7     ecut=    80.00 Ry     beta= 0.30\n     iteration #   8     ecut=    80.00 Ry     beta= 0.30\n     iteration #   9     ecut=    80.00 Ry     beta= 0.30\n     iteration #  10     ecut=    80.00 Ry     beta= 0.30\n     iteration #  11     ecut=    80.00 Ry     beta= 0.30\n     iteration #  12     ecut=    80.00 Ry     beta= 0.30\n     iteration #  13     ecut=    80.00 Ry     beta= 0.30\n     iteration #  14     ecut=    80.00 Ry     beta= 0.30\n     iteration #  15     ecut=    80.00 Ry     beta= 0.30\n     iteration #  16     ecut=    80.00 Ry     beta= 0.30\n     iteration #  17     ecut=    80.00 Ry     beta= 0.30\n     iteration #  18     ecut=    80.00 Ry     beta= 0.30\n     iteration #  19     ecut=    80.00 Ry     beta= 0.30\n     iteration #  20     ecut=    80.00 Ry     beta= 0.30\n     iteration #  21     ecut=    80.00 Ry     beta= 0.30\n     iteration #  22     ecut=    80.00 Ry     beta= 0.30\n     iteration #  23     ecut=    80.00 Ry     beta= 0.30\n     iteration #  24     ecut=    80.00 Ry     beta= 0.30\n     iteration #  25     ecut=    80.00 Ry     beta= 0.30\n     iteration #  26     ecut=    80.00 Ry     beta= 0.30\n     iteration #  27     ecut=    80.00 Ry     beta= 0.30\n     iteration #  28     ecut=    80.00 Ry     beta= 0.30\n     iteration #  29     ecut=    80.00 Ry     beta= 0.30\n     iteration #  30     ecut=    80.00 Ry     beta= 0.30\n!    total energy              =  -500.10000000 Ry\n     convergence has been achieved in  30 iterations\n     Forces acting on atoms (cartesian axes, Ry/au):\n\n     atom    1 type  1   force =     0.00000000    0.00000000     0.05000000\n     atom    2 type  1   force =     0.00000000    0.00000000     0.05000000\n     atom    3 type  1   force =     0.00000000    0.00000000     0.05000000\n     atom    4 type  1   force =     0.00000000    0.00000000     0.05000000\n     atom    5 type  1   force =     0.00000000    0.00000000     0.05000000\n\n     Total force =     0.1\n     iteration #   1     ecut=    80.00 Ry     beta= 0.30\n     iteration #   2     ecut=    80.00 Ry     beta= 0.30\n     iteration #   3     ecut=    80.00 Ry     beta= 0.30\n     iteration #   4     ecut=    80.00 Ry     beta= 0.30\n     iteration #   5     ecut=    80.00 Ry     beta= 0.30\n     iteration #   6     ecut=    80.00 Ry     beta= 0.30\n     iteration #   7     ecut=    80.00 Ry     beta= 0.30\n     iteration #   8     ecut=    80.00 Ry     beta= 0.30\n     iteration #   9     ecut=    80.00 Ry     beta= 0.30\n     iteration #  10     ecut=    80.00 Ry     beta= 0.30\n     iteration #  11     ecut=    80.00 Ry     beta= 0.30\n     iteration #  12     ecut=    80.00 Ry     beta= 0.30\n!    total energy              =  -500.00000000 Ry\n     convergence has been achieved in  12 iterations\n     Forces acting on atoms (cartesian axes, Ry/au):\n\n     atom    1 type  1   force =     0.00000000    0.00000000     0.01000000\n     atom    2 type  1   force =     0.00000000    0.00000000     0.01000000\n     atom    3 type  1   force =     0.00000000    0.00000000     0.01000000\n     atom    4 type  1   force =     0.00000000    0.00000000     0.01000000\n     atom    5 type  1   force =     0.00000000    0.00000000     0.01000000\n\n     Total force =     0.001\n     bfgs converged in   2 scf cycles and   1 bfgs steps\n     End of BFGS Geometry Optimization\n     Final energy             =  -500.0000000000 Ry\nBegin final coordinates\n\nATOMIC_POSITIONS (angstrom)\nMn  2.0000000000  2.0000000000  5.0000000000    0   0   0\nO  5.0000000000  5.0000000000  6.2000000000\nCr  5.0000000000  5.0000000000  8.8000000000\nO  7.0000000000  5.0000000000  8.0000000000\nO  5.0000000000  5.0000000000  10.3900000000\nEnd final coordinates\n     PWSCF        :     10.00s CPU     11.00s WALL\n\n   JOB DONE.\nNote: The following floating-point exceptions are signalling: IEEE_UNDERFLOW_FLAG IEEE_DENORMAL\nNote: The following floating-point exceptions are signalling: IEEE_UNDERFLOW_FLAG IEEE_DENORMAL\nNote: The following floating-point exceptions are signalling: IEEE_UNDERFLOW_FLAG IEEE_DENORMAL\n-REJECTED_BY_READOUT]" time="0.053" /><testcase classname="tests.s2.test_lowtail_readout" name="test_leg_acceptance[     number of atoms/cell      =            5\n     total magnetization       =      3.00 Bohr mag/cell\n     absolute magnetization    =     5.00 Bohr mag/cell\n     iteration #   1     ecut=    80.00 Ry     beta= 0.30\n     iteration #   2     ecut=    80.00 Ry     beta= 0.30\n     iteration #   3     ecut=    80.00 Ry     beta= 0.30\n     iteration #   4     ecut=    80.00 Ry     beta= 0.30\n     iteration #   5     ecut=    80.00 Ry     beta= 0.30\n     iteration #   6     ecut=    80.00 Ry     beta= 0.30\n     iteration #   7     ecut=    80.00 Ry     beta= 0.30\n     iteration #   8     ecut=    80.00 Ry     beta= 0.30\n     iteration #   9     ecut=    80.00 Ry     beta= 0.30\n     iteration #  10     ecut=    80.00 Ry     beta= 0.30\n     iteration #  11     ecut=    80.00 Ry     beta= 0.30\n     iteration #  12     ecut=    80.00 Ry     beta= 0.30\n     iteration #  13     ecut=    80.00 Ry     beta= 0.30\n     iteration #  14     ecut=    80.00 Ry     beta= 0.30\n     iteration #  15     ecut=    80.00 Ry     beta= 0.30\n     iteration #  16     ecut=    80.00 Ry     beta= 0.30\n     iteration #  17     ecut=    80.00 Ry     beta= 0.30\n     iteration #  18     ecut=    80.00 Ry     beta= 0.30\n     iteration #  19     ecut=    80.00 Ry     beta= 0.30\n     iteration #  20     ecut=    80.00 Ry     beta= 0.30\n     iteration #  21     ecut=    80.00 Ry     beta= 0.30\n     iteration #  22     ecut=    80.00 Ry     beta= 0.30\n     iteration #  23     ecut=    80.00 Ry     beta= 0.30\n     iteration #  24     ecut=    80.00 Ry     beta= 0.30\n     iteration #  25     ecut=    80.00 Ry     beta= 0.30\n     iteration #  26     ecut=    80.00 Ry     beta= 0.30\n     iteration #  27     ecut=    80.00 Ry     beta= 0.30\n     iteration #  28     ecut=    80.00 Ry     beta= 0.30\n     iteration #  29     ecut=    80.00 Ry     beta= 0.30\n     iteration #  30     ecut=    80.00 Ry     beta= 0.30\n!    total energy              =  -500.10000000 Ry\n     convergence has been achieved in  30 iterations\n     Forces acting on atoms (cartesian axes, Ry/au):\n\n     atom    1 type  1   force =     0.00000000    0.00000000     0.05000000\n     atom    2 type  1   force =     0.00000000    0.00000000     0.05000000\n     atom    3 type  1   force =     0.00000000    0.00000000     0.05000000\n     atom    4 type  1   force =     0.00000000    0.00000000     0.05000000\n     atom    5 type  1   force =     0.00000000    0.00000000     0.05000000\n\n     Total force =     0.1\n     iteration #   1     ecut=    80.00 Ry     beta= 0.30\n     iteration #   2     ecut=    80.00 Ry     beta= 0.30\n     iteration #   3     ecut=    80.00 Ry     beta= 0.30\n     iteration #   4     ecut=    80.00 Ry     beta= 0.30\n     iteration #   5     ecut=    80.00 Ry     beta= 0.30\n     iteration #   6     ecut=    80.00 Ry     beta= 0.30\n     iteration #   7     ecut=    80.00 Ry     beta= 0.30\n     iteration #   8     ecut=    80.00 Ry     beta= 0.30\n     iteration #   9     ecut=    80.00 Ry     beta= 0.30\n     iteration #  10     ecut=    80.00 Ry     beta= 0.30\n     iteration #  11     ecut=    80.00 Ry     beta= 0.30\n     iteration #  12     ecut=    80.00 Ry     beta= 0.30\n!    total energy              =  -500.00000000 Ry\n     convergence has been achieved in  12 iterations\n     Forces acting on atoms (cartesian axes, Ry/au):\n\n     atom    1 type  1   force =     0.00000000    0.00000000     0.00050000\n     atom    2 type  1   force =     0.00000000    0.00000000     0.00050000\n     atom    3 type  1   force =     0.00000000    0.00000000     0.00050000\n     atom    4 type  1   force =     0.00000000    0.00000000     0.00050000\n     atom    5 type  1   force =     0.00000000    0.00000000     0.00050000\n\n     Total force =     0.001\n     bfgs converged in   2 scf cycles and   1 bfgs steps\n     End of BFGS Geometry Optimization\n     Final energy             =  -500.0000000000 Ry\nBegin final coordinates\n\nATOMIC_POSITIONS (angstrom)\nMn  2.5000000000  2.0000000000  5.0000000000    0   0   0\nO  5.0000000000  5.0000000000  6.2000000000\nCr  5.0000000000  5.0000000000  8.8000000000\nO  7.0000000000  5.0000000000  8.0000000000\nO  5.0000000000  5.0000000000  10.3900000000\nEnd final coordinates\n     PWSCF        :     10.00s CPU     11.00s WALL\n\n   JOB DONE.\nNote: The following floating-point exceptions are signalling: IEEE_UNDERFLOW_FLAG IEEE_DENORMAL\nNote: The following floating-point exceptions are signalling: IEEE_UNDERFLOW_FLAG IEEE_DENORMAL\nNote: The following floating-point exceptions are signalling: IEEE_UNDERFLOW_FLAG IEEE_DENORMAL\n-REJECTED_BY_READOUT]" time="0.054" /><testcase classname="tests.s2.test_lowtail_readout" name="test_benign_exit_note_and_hour_wall_tokens_are_accepted" time="0.082" /><testcase classname="tests.s2.test_lowtail_readout" name="test_wrapper_preserves_canonical_notice_handling_and_evidence[Note: The following floating-point exceptions are signalling: IEEE_UNDERFLOW_FLAG IEEE_DENORMAL-CONVERGED]" time="0.013" /><testcase classname="tests.s2.test_lowtail_readout" name="test_wrapper_preserves_canonical_notice_handling_and_evidence[Note: The following floating-point exceptions are signalling: IEEE_DENORMAL-CONVERGED]" time="0.015" /><testcase classname="tests.s2.test_lowtail_readout" name="test_wrapper_preserves_canonical_notice_handling_and_evidence[Note: The following floating-point exceptions are signalling: IEEE_UNKNOWN_FLAG-REJECTED]" time="0.012" /><testcase classname="tests.s2.test_lowtail_readout" name="test_wrapper_preserves_canonical_notice_handling_and_evidence[Note: The following floating-point exceptions are signalling: IEEE_UNDERFLOW_FLAG IEEE_UNKNOWN_FLAG-REJECTED]" time="0.013" /><testcase classname="tests.s2.test_lowtail_readout" name="test_wrapper_preserves_canonical_notice_handling_and_evidence[Note: The following floating-point exceptions are signalling: IEEE_INVALID_FLAG-REJECTED]" time="0.013" /><testcase classname="tests.s2.test_lowtail_readout" name="test_wrapper_preserves_canonical_notice_handling_and_evidence[Note: The following floating-point exceptions are signalling:-REJECTED]" time="0.012" /><testcase classname="tests.s2.test_lowtail_readout" name="test_lift_definition_flag" time="0.048" /><testcase classname="tests.s2.test_lowtail_readout" name="test_canonical_scorer_agrees_with_every_registered_banked_hea_readout" time="8.388" /><testcase classname="tests.s2.test_lowtail_readout" name="test_killed_sidecar" time="0.072" /><testcase classname="tests.s2.test_lowtail_readout" name="test_readout_of_the_prepared_plan_is_pending" time="0.052" /><testcase classname="tests.s2.test_lowtail_readout" name="test_malformed_completed_relaxation_is_rejected[&lt;lambda&gt;-Final energy differs]" time="0.048" /><testcase classname="tests.s2.test_lowtail_readout" name="test_malformed_completed_relaxation_is_rejected[&lt;lambda&gt;-Final energy]" time="0.055" /><testcase classname="tests.s2.test_lowtail_readout" name="test_malformed_completed_relaxation_is_rejected[&lt;lambda&gt;-cycles]" time="0.042" /><testcase classname="tests.s2.test_lowtail_readout" name="test_malformed_completed_relaxation_is_rejected[&lt;lambda&gt;-exactly one final-coordinate]" time="0.051" /><testcase classname="tests.s2.test_lowtail_readout" name="test_malformed_completed_relaxation_is_rejected[&lt;lambda&gt;-printed nat]" time="0.058" /><testcase classname="tests.s2.test_lowtail_readout" name="test_malformed_completed_relaxation_is_rejected[&lt;lambda&gt;-kill-rule]" time="0.048" /><testcase classname="tests.s2.test_lowtail_readout" name="test_malformed_completed_relaxation_is_rejected[&lt;lambda&gt;-malformed scorer evidence]" time="0.041" /><testcase classname="tests.s2.test_lowtail_readout" name="test_malformed_completed_relaxation_is_rejected[&lt;lambda&gt;-final coordinates]" time="0.047" /><testcase classname="tests.s2.test_lowtail_readout" name="test_changed_frozen_deck_is_rejected" time="0.035" /><testcase classname="tests.s2.test_lowtail_readout" name="test_real_converged_Cr_relaxation_passes_final_evidence_checks" time="0.180" /><testcase classname="tests.s2.test_lowtail_sources" name="test_every_banked_output_is_classified_once_with_its_readout_status" time="2.311" /><testcase classname="tests.s2.test_lowtail_sources" name="test_census_site_refuses_ambiguous_records" time="0.041" /><testcase classname="tests.s2.test_lowtail_sources" name="test_final_batch_counts_physical_outputs_and_retains_aliases" time="0.076" /><testcase classname="tests.s2.test_lowtail_sources" name="test_operating_decisions_file_reproduces_from_sources" time="0.075" /><testcase classname="tests.s2.test_lowtail_sources" name="test_axial_oxygen_agrees_with_the_endpoint_audit" time="0.068" /><testcase classname="tests.s2.test_lowtail_zero_compute" name="test_referencing_and_desorption_constants_come_from_their_sources" time="0.740" /><testcase classname="tests.s2.test_lowtail_zero_compute" name="test_match_geometry_exact_tolerance_and_constraint_mismatch" time="0.001" /><testcase classname="tests.s2.test_lowtail_zero_compute" name="test_population_on_the_face" time="8.771" /><testcase classname="tests.s2.test_lowtail_zero_compute" name="test_winner_O_site_forces_are_the_raw_dft_components" time="0.004" /><testcase classname="tests.s2.test_lowtail_zero_compute" name="test_energy_comparisons_reproduce_banked_readouts" time="0.002" /><testcase classname="tests.s2.test_lowtail_zero_compute" name="test_pending_endpoint_single_points_are_census_O_endpoints" time="0.002" /><testcase classname="tests.s2.test_lowtail_zero_compute" name="test_final_batch_all_accepted_rows_match_retained_geometries" time="0.001" /><testcase classname="tests.s2.test_lowtail_zero_compute" name="test_reuse_mace_validates_old_eight_and_detects_coordinate_drift" time="0.155" /><testcase classname="tests.s2.test_lowtail_zero_compute" name="test_banked_readout_mace_reproduces_census_and_hashes_are_current" time="0.036" /><testcase classname="tests.test_lowtail_batch" name="test_converged_relaxation_uses_free_total_forces_only" time="0.011" /><testcase classname="tests.test_lowtail_batch" name="test_rejects_unusable_or_mixed_relaxation_evidence[&lt;lambda&gt;0]" time="0.007" /><testcase classname="tests.test_lowtail_batch" name="test_rejects_unusable_or_mixed_relaxation_evidence[&lt;lambda&gt;1]" time="0.015" /><testcase classname="tests.test_lowtail_batch" name="test_rejects_unusable_or_mixed_relaxation_evidence[&lt;lambda&gt;2]" time="0.010" /><testcase classname="tests.test_lowtail_batch" name="test_rejects_unusable_or_mixed_relaxation_evidence[&lt;lambda&gt;3]" time="0.007" /><testcase classname="tests.test_lowtail_batch" name="test_rejects_unusable_or_mixed_relaxation_evidence[&lt;lambda&gt;4]" time="0.017" /><testcase classname="tests.test_lowtail_batch" name="test_rejects_unusable_or_mixed_relaxation_evidence[&lt;lambda&gt;5]" time="0.008" /><testcase classname="tests.test_lowtail_batch" name="test_rejects_unusable_or_mixed_relaxation_evidence[&lt;lambda&gt;6]" time="0.008" /><testcase classname="tests.test_lowtail_batch" name="test_rejects_unusable_or_mixed_relaxation_evidence[&lt;lambda&gt;7]" time="0.011" /><testcase classname="tests.test_lowtail_batch" name="test_rejects_unusable_or_mixed_relaxation_evidence[&lt;lambda&gt;8]" time="0.021" /><testcase classname="tests.test_lowtail_batch" name="test_rejects_unusable_or_mixed_relaxation_evidence[&lt;lambda&gt;9]" time="0.009" /><testcase classname="tests.test_lowtail_batch" name="test_rejects_unusable_or_mixed_relaxation_evidence[&lt;lambda&gt;10]" time="0.007" /><testcase classname="tests.test_lowtail_batch" name="test_rejects_unusable_or_mixed_relaxation_evidence[&lt;lambda&gt;11]" time="0.010" /><testcase classname="tests.test_lowtail_batch" name="test_rejects_unusable_or_mixed_relaxation_evidence[&lt;lambda&gt;12]" time="0.012" /><testcase classname="tests.test_lowtail_batch" name="test_rejects_unusable_or_mixed_relaxation_evidence[&lt;lambda&gt;13]" time="0.011" /><testcase classname="tests.test_lowtail_batch" name="test_rejects_unusable_or_mixed_relaxation_evidence[&lt;lambda&gt;14]" time="0.023" /><testcase classname="tests.test_lowtail_batch" name="test_rejects_unusable_or_mixed_relaxation_evidence[&lt;lambda&gt;15]" time="0.025" /><testcase classname="tests.test_lowtail_batch" name="test_process_clock_independently_enforces_leg_ceiling" time="0.015" /><testcase classname="tests.test_lowtail_batch" name="test_real_QE_relaxation_is_accepted" time="0.166" /><testcase classname="tests.test_lowtail_batch" name="test_preflight_validates_the_bounded_atomic_batch" time="0.256" /><testcase classname="tests.test_lowtail_batch" name="test_preflight_preserves_every_existing_attempt[.out]" time="0.162" /><testcase classname="tests.test_lowtail_batch" name="test_preflight_preserves_every_existing_attempt[.run.in]" time="0.174" /><testcase classname="tests.test_lowtail_batch" name="test_preflight_preserves_every_existing_attempt[.KILLED]" time="0.185" /><testcase classname="tests.test_lowtail_batch" name="test_preflight_preserves_every_existing_attempt[.REJECTED]" time="0.167" /><testcase classname="tests.test_lowtail_batch" name="test_preflight_preserves_every_existing_attempt[.qc.json]" time="0.179" /><testcase classname="tests.test_lowtail_batch" name="test_preflight_refuses_expanded_authorization[&lt;lambda&gt;0]" time="0.141" /><testcase classname="tests.test_lowtail_batch" name="test_preflight_refuses_expanded_authorization[&lt;lambda&gt;1]" time="0.172" /><testcase classname="tests.test_lowtail_batch" name="test_preflight_refuses_expanded_authorization[&lt;lambda&gt;2]" time="0.208" /><testcase classname="tests.test_lowtail_batch" name="test_preflight_refuses_expanded_authorization[&lt;lambda&gt;3]" time="0.162" /><testcase classname="tests.test_lowtail_batch" name="test_preflight_refuses_expanded_authorization[&lt;lambda&gt;4]" time="0.154" /><testcase classname="tests.test_lowtail_batch" name="test_failed_run_banks_receipt_and_preserves_scratch[SCF iteration ceiling-KILLED-None]" time="0.234" /><testcase classname="tests.test_lowtail_batch" name="test_failed_run_banks_receipt_and_preserves_scratch[wall-time ceiling-KILLED-None]" time="0.221" /><testcase classname="tests.test_lowtail_batch" name="test_failed_run_banks_receipt_and_preserves_scratch[numerical failure marker-REJECTED-None]" time="0.228" /><testcase classname="tests.test_lowtail_batch" name="test_failed_run_banks_receipt_and_preserves_scratch[None-REJECTED-raised3]" time="0.255" /><testcase classname="tests.test_lowtail_batch" name="test_failed_run_banks_receipt_and_preserves_scratch[None-REJECTED-raised4]" time="0.227" /><testcase classname="tests.test_lowtail_batch" name="test_success_requires_projection_and_retained_density" time="0.202" /><testcase classname="tests.test_research_batch" name="test_approved_inputs_pass_without_modifying_any_input" time="0.042" /><testcase classname="tests.test_research_batch" name="test_drift_in_any_executed_input_is_refused_before_scratch[helper.py]" time="0.033" /><testcase classname="tests.test_research_batch" name="test_drift_in_any_executed_input_is_refused_before_scratch[src/dft/projection_qc.py]" time="0.029" /><testcase classname="tests.test_research_batch" name="test_drift_in_any_executed_input_is_refused_before_scratch[runs/unit/point.in]" time="0.042" /><testcase classname="tests.test_research_batch" name="test_drift_in_any_executed_input_is_refused_before_scratch[pseudo/H.UPF]" time="0.032" /><testcase classname="tests.test_research_batch" name="test_restart_never_overwrites_prior_evidence[.out]" time="0.038" /><testcase classname="tests.test_research_batch" name="test_restart_never_overwrites_prior_evidence[.run.in]" time="0.032" /><testcase classname="tests.test_research_batch" name="test_restart_never_overwrites_prior_evidence[.qc.json]" time="0.040" /><testcase classname="tests.test_research_batch" name="test_restart_never_overwrites_prior_evidence[.KILLED]" time="0.037" /><testcase classname="tests.test_research_batch" name="test_restart_never_overwrites_prior_evidence[.REJECTED]" time="0.039" /><testcase classname="tests.test_research_batch" name="test_restart_never_overwrites_prior_evidence[.projwfc.out]" time="0.032" /><testcase classname="tests.test_research_batch" name="test_preexisting_density_directory_blocks_duplicate_spend" time="0.031" /><testcase classname="tests.test_research_batch" name="test_manifest_cannot_change_job_identity_even_with_new_manifest_hash" time="0.040" /><testcase classname="tests.test_research_batch" name="test_array_index_cannot_select_a_different_or_missing_job[0]" time="0.038" /><testcase classname="tests.test_research_batch" name="test_array_index_cannot_select_a_different_or_missing_job[2]" time="0.028" /><testcase classname="tests.test_research_batch" name="test_array_index_cannot_select_a_different_or_missing_job[-1]" time="0.029" /><testcase classname="tests.test_research_batch" name="test_array_index_cannot_select_a_different_or_missing_job[True]" time="0.054" /><testcase classname="tests.test_research_batch" name="test_array_index_cannot_select_a_different_or_missing_job[1.0]" time="0.027" /><testcase classname="tests.test_research_batch" name="test_clean_scf_accepts_fortran_exponent" time="0.001" /><testcase classname="tests.test_research_batch" name="test_no_energy_is_salvaged_from_failed_or_concatenated_attempts[&lt;lambda&gt;0]" time="0.001" /><testcase classname="tests.test_research_batch" name="test_no_energy_is_salvaged_from_failed_or_concatenated_attempts[&lt;lambda&gt;1]" time="0.002" /><testcase classname="tests.test_research_batch" name="test_no_energy_is_salvaged_from_failed_or_concatenated_attempts[&lt;lambda&gt;2]" time="0.001" /><testcase classname="tests.test_research_batch" name="test_no_energy_is_salvaged_from_failed_or_concatenated_attempts[&lt;lambda&gt;3]" time="0.001" /><testcase classname="tests.test_research_batch" name="test_no_energy_is_salvaged_from_failed_or_concatenated_attempts[&lt;lambda&gt;4]" time="0.001" /><testcase classname="tests.test_research_batch" name="test_no_energy_is_salvaged_from_failed_or_concatenated_attempts[&lt;lambda&gt;5]" time="0.001" /><testcase classname="tests.test_research_batch" name="test_complete_projection_is_accepted" time="0.001" /><testcase classname="tests.test_research_batch" name="test_projection_requires_finite_complete_numerical_results[&lt;lambda&gt;0]" time="0.001" /><testcase classname="tests.test_research_batch" name="test_projection_requires_finite_complete_numerical_results[&lt;lambda&gt;1]" time="0.001" /><testcase classname="tests.test_research_batch" name="test_projection_requires_finite_complete_numerical_results[&lt;lambda&gt;2]" time="0.001" /><testcase classname="tests.test_research_batch" name="test_projection_requires_finite_complete_numerical_results[&lt;lambda&gt;3]" time="0.002" /><testcase classname="tests.test_research_batch" name="test_projection_requires_finite_complete_numerical_results[&lt;lambda&gt;4]" time="0.001" /><testcase classname="tests.test_research_batch" name="test_projection_requires_finite_complete_numerical_results[&lt;lambda&gt;5]" time="0.001" /><testcase classname="tests.test_research_batch" name="test_projection_requires_finite_complete_numerical_results[&lt;lambda&gt;6]" time="0.002" /><testcase classname="tests.test_research_batch" name="test_stop_process_escalates_to_kill_if_term_does_not_finish" time="0.001" /><testcase classname="tests.test_research_batch" name="test_exit_race_during_kill_is_cleaned_up_not_reported_as_runner_crash" time="0.001" /><testcase classname="tests.test_research_batch" name="test_launch_error_leaves_durable_rejected_qc_and_retains_scratch" time="0.079" /><testcase classname="tests.test_research_batch" name="test_all_three_verified_preflight_results_release_production" time="0.085" /><testcase classname="tests.test_research_batch" name="test_each_missing_preflight_result_blocks_the_entire_release[slab]" time="0.056" /><testcase classname="tests.test_research_batch" name="test_each_missing_preflight_result_blocks_the_entire_release[H2]" time="0.056" /><testcase classname="tests.test_research_batch" name="test_each_missing_preflight_result_blocks_the_entire_release[H2O]" time="0.064" /><testcase classname="tests.test_research_batch" name="test_complete_receipt_does_not_authorize_changed_preflight_artifacts[.out]" time="0.068" /><testcase classname="tests.test_research_batch" name="test_complete_receipt_does_not_authorize_changed_preflight_artifacts[.run.in]" time="0.066" /><testcase classname="tests.test_research_batch" name="test_unverified_receipt_never_releases_the_eleven_remaining_jobs[change0]" time="0.076" /><testcase classname="tests.test_research_batch" name="test_unverified_receipt_never_releases_the_eleven_remaining_jobs[change1]" time="0.064" /><testcase classname="tests.test_research_batch" name="test_unverified_receipt_never_releases_the_eleven_remaining_jobs[change2]" time="0.082" /><testcase classname="tests.test_research_batch" name="test_unverified_receipt_never_releases_the_eleven_remaining_jobs[change3]" time="0.071" /><testcase classname="tests.test_research_batch" name="test_unverified_receipt_never_releases_the_eleven_remaining_jobs[change4]" time="0.084" /><testcase classname="tests.test_research_batch" name="test_watchdog_requests_clean_exit_and_reports_reason_without_retry[iteration # 1\n-clock_values0-126-wall-time ceiling]" time="0.010" /><testcase classname="tests.test_research_batch" name="test_watchdog_requests_clean_exit_and_reports_reason_without_retry[iteration # 127\n-clock_values1-126-SCF iteration ceiling]" time="0.009" /><testcase classname="tests.test_research_batch" name="test_watchdog_requests_clean_exit_and_reports_reason_without_retry[Error in routine electrons\n-clock_values2-126-numerical failure marker]" time="0.009" /><testcase classname="tests.test_research_batch" name="test_projection_dependency_requires_an_explicit_source_pin" time="0.021" /><testcase classname="tests.test_research_batch" name="test_different_staged_helper_cannot_substitute_for_the_executed_helper" time="0.024" /><testcase classname="tests.test_research_batch" name="test_production_projection_validator_accepts_real_nonmagnetic_shape" time="0.001" /><testcase classname="tests.test_research_batch" name="test_production_projection_validator_uses_shared_failure_guards" time="0.002" /></testsuite></testsuites>